✔ [57/541] Built ProofWidgets.Compat
✔ [61/546] Built ProofWidgets.Component.Basic
✔ [62/546] Built ProofWidgets.Util
✔ [63/546] Built Batteries.Util.Cache
✔ [64/546] Built Batteries.Data.MLList.Basic
✔ [65/546] Built Batteries.Data.Nat.Basic
✔ [67/546] Built Batteries.WF
✔ [68/546] Built Batteries.Lean.TagAttribute
✔ [69/546] Built Batteries.Util.ProofWanted
✔ [70/546] Built Batteries.Tactic.Case
✔ [71/546] Built Batteries.Lean.Except
✔ [72/546] Built Batteries.Control.ForInStep.Basic
✔ [73/546] Built Batteries.Lean.HashSet
✔ [74/546] Built Batteries.Lean.PersistentHashSet
✔ [75/546] Built Batteries.Lean.PersistentHashMap
✔ [76/546] Built Batteries.Tactic.Congr
✔ [77/546] Built Batteries.Lean.Meta.Expr
✔ [78/546] Built Batteries.Lean.Meta.UnusedNames
✔ [79/546] Built Batteries.Tactic.PermuteGoals
✔ [80/546] Built Batteries.Lean.Meta.Inaccessible
✔ [81/546] Built Batteries.Lean.MonadBacktrack
✔ [82/546] Built Batteries.Data.Array.Basic
✔ [83/546] Built Batteries.Data.String.Basic
✔ [84/546] Built Batteries.Lean.Meta.Basic
✔ [85/546] Built Batteries.Data.List.Basic
✔ [86/546] Built Batteries.Lean.Position
✔ [87/546] Built Batteries.Lean.Syntax
✔ [88/546] Built Batteries.Lean.Expr
✔ [89/546] Built Batteries.Tactic.SeqFocus
✔ [90/546] Built Batteries.CodeAction.Attr
✔ [91/546] Built Batteries.Data.Array.Merge
✔ [92/546] Built Batteries.Tactic.Init
✔ [93/546] Built Batteries.Lean.NameMapAttribute
✔ [94/546] Built Batteries.Util.ExtendedBinder
✔ [95/546] Built Batteries.Data.NameSet
✔ [96/546] Built Batteries.CodeAction.Deprecated
✔ [97/546] Built Batteries.Tactic.Unreachable
✔ [98/546] Built Batteries.Util.LibraryNote
✔ [100/548] Built Batteries.Tactic.OpenPrivate
✔ [102/548] Built ProofWidgets.Cancellable
✔ [103/548] Built Batteries.Tactic.Lint.Basic
✔ [106/548] Built ProofWidgets.Component.MakeEditLink
✔ [107/548] Built Batteries.Tactic.Trans
✔ [108/548] Built Mathlib.Tactic.Linter.DirectoryDependency
✔ [111/548] Built Batteries.Lean.AttributeExtra
✔ [112/548] Built Batteries.Lean.Meta.InstantiateMVars
✔ [113/548] Built Batteries.Lean.Meta.SavedState
✔ [114/548] Built Batteries.Classes.Order
✔ [115/548] Built Batteries.CodeAction.Basic
✔ [117/548] Built Batteries.Lean.Meta.DiscrTree
✔ [118/548] Built Aesop.Util.UnorderedArraySet
✔ [119/548] Built Batteries.Linter.UnreachableTactic
✔ [120/548] Built Batteries.CodeAction.Misc
✔ [122/548] Built ProofWidgets.Data.Html
✔ [123/548] Built Batteries.Tactic.Alias
✔ [124/548] Built Batteries.Tactic.Lint.TypeClass
✔ [125/548] Built Batteries.Tactic.Lint.Misc
✔ [126/548] Built Batteries.Tactic.Lint.Simp
✔ [127/548] Built Batteries.Tactic.Lint.Frontend
✔ [130/548] Built Batteries.Linter.UnnecessarySeqFocus
✔ [131/548] Built Mathlib.Tactic.Linter.Header
✔ [132/553] Built ProofWidgets.Component.OfRpcMethod
✔ [133/553] Built Batteries.CodeAction
✔ [134/553] Built Batteries.Tactic.Exact
✔ [136/553] Built Batteries.Tactic.HelpCmd
✔ [137/553] Built Batteries.Logic
✔ [138/553] Built Batteries.Control.Nondet.Basic
✔ [139/553] Built Batteries.Tactic.Lint
✔ [140/553] Built Aesop.Util.Basic
✔ [141/553] Built Batteries.Linter
✔ [142/553] Built Mathlib.Tactic.Linter.OldObtain
✔ [143/553] Built Mathlib.Tactic.Linter.UnusedTacticExtension
✔ [144/553] Built Mathlib.Tactic.MinImports
✔ [145/553] Built Mathlib.Tactic.DeclarationNames
✔ [146/553] Built Mathlib.Tactic.Linter.Multigoal
✔ [147/553] Built Mathlib.Tactic.Linter.HashCommandLinter
✔ [148/553] Built Mathlib.Tactic.Linter.GlobalAttributeIn
✔ [149/553] Built Mathlib.Tactic.Linter.DocPrime
✔ [150/553] Built Mathlib.Tactic.Linter.FlexibleLinter
✔ [151/556] Built Mathlib.Tactic.Linter.DocString
✔ [153/556] Built Mathlib.Tactic.Linter.DeprecatedSyntaxLinter
✔ [154/556] Built Mathlib.Tactic.Hint
✔ [155/556] Built Mathlib.Tactic.Linter.CommandStart
✔ [156/556] Built Batteries.Data.BinomialHeap.Basic
✔ [157/556] Built Aesop.RuleTac.Forward.Basic
✔ [158/556] Built Aesop.Script.Util
✔ [159/556] Built Batteries.Tactic.Basic
✔ [160/556] Built Aesop.Script.CtorNames
✔ [161/559] Built Mathlib.Tactic.Linter.UnusedTactic
✔ [162/559] Built Aesop.Forward.Substitution
✔ [163/559] Built Aesop.Tracing
✔ [166/560] Built ProofWidgets.Component.FilterDetails
✔ [167/560] Built Mathlib.Tactic.Linter.Lint
✔ [168/560] Built Mathlib.Tactic.Linter.MinImports
✔ [169/560] Built Aesop.RulePattern.Cache
✔ [170/592] Built Aesop.Util.Tactic.Ext
✔ [172/596] Built Aesop.Script.Step
✔ [173/596] Built Batteries.Data.Nat.Gcd
✔ [174/599] Built Mathlib.Tactic.Linter.Style
✔ [175/599] Built Mathlib.Init
✔ [176/599] Built Aesop.Stats.Basic
✔ [177/599] Built Aesop.Script.UScript
✔ [178/599] Built Aesop.Script.SScript
✔ [179/599] Built Mathlib.Util.TransImports
✔ [180/599] Built Mathlib.Lean.Meta.KAbstractPositions
✔ [181/599] Built Mathlib.Lean.GoalsLocation
✔ [182/599] Built Mathlib.Tactic.FastInstance
✔ [183/599] Built Mathlib.Util.CountHeartbeats
✔ [184/599] Built Mathlib.Tactic.Linter.UpstreamableDecl
✔ [185/599] Built Mathlib.Lean.Meta.RefinedDiscrTree.Basic
✔ [186/599] Built Mathlib.Data.Nat.BinaryRec
✔ [187/599] Built Mathlib.Tactic.Widget.SelectInsertParamsClass
✔ [188/599] Built Mathlib.Tactic.TypeCheck
✔ [189/599] Built Mathlib.Tactic.UnsetOption
✔ [190/599] Built Mathlib.Tactic.Trace
✔ [191/599] Built Mathlib.Tactic.SudoSetOption
✔ [192/599] Built Mathlib.Tactic.SuccessIfFailWithMsg
✔ [193/599] Built Mathlib.Tactic.SimpIntro
✔ [194/599] Built Mathlib.Tactic.Rename
✔ [195/599] Built Mathlib.Tactic.Variable
✔ [196/599] Built Mathlib.Tactic.Relation.Rfl
✔ [197/599] Built Mathlib.Tactic.Says
✔ [198/599] Built Mathlib.Tactic.Recover
✔ [199/599] Built Mathlib.Tactic.Observe
✔ [200/599] Built Mathlib.Tactic.NthRewrite
✔ [201/599] Built Mathlib.Tactic.Linter.PPRoundtrip
✔ [202/599] Built Mathlib.Tactic.InferParam
✔ [203/599] Built Mathlib.Tactic.Linter.HaveLetLinter
✔ [204/599] Built Mathlib.Tactic.GuardHypNums
✔ [205/599] Built Mathlib.Tactic.GuardGoalNums
✔ [206/599] Built Mathlib.Tactic.Linter.DeprecatedModule
✔ [207/599] Built Mathlib.Tactic.Find
✔ [208/599] Built Mathlib.Tactic.ExistsI
✔ [209/599] Built Mathlib.Tactic.ExtractGoal
✔ [210/599] Built Mathlib.Tactic.Constructor
✔ [211/599] Built Mathlib.Tactic.Clear_
✔ [212/599] Built Mathlib.Tactic.ErwQuestion
✔ [213/599] Built Mathlib.Tactic.ClearExcept
✔ [214/599] Built Mathlib.Tactic.FailIfNoProgress
✔ [215/599] Built Mathlib.Tactic.ClearExclamation
✔ [216/599] Built Mathlib.Tactic.ApplyWith
✔ [217/599] Built Mathlib.Tactic.Check
✔ [218/599] Built Mathlib.Lean.Meta.Basic
✔ [219/599] Built Mathlib.Logic.OpClass
✔ [220/599] Built Mathlib.Tactic.StacksAttribute
✔ [221/599] Built Mathlib.Tactic.Monotonicity.Attr
✔ [222/599] Built Mathlib.Util.PPOptions
✔ [223/599] Built Mathlib.Tactic.Set
✔ [224/599] Built Mathlib.Util.Tactic
✔ [225/599] Built Mathlib.Tactic.Coe
✔ [226/599] Built Mathlib.Util.WhatsNew
✔ [227/599] Built Mathlib.Tactic.GCongr.ForwardAttr
✔ [228/599] Built Mathlib.Tactic.CasesM
✔ [229/599] Built Mathlib.Control.Combinators
✔ [230/599] Built Mathlib.Tactic.Substs
✔ [231/599] Built Mathlib.Util.WithWeakNamespace
✔ [232/599] Built Mathlib.Lean.PrettyPrinter.Delaborator
✔ [233/599] Built Mathlib.Tactic.Spread
✔ [234/599] Built Mathlib.Lean.Elab.Term
✔ [235/599] Built Mathlib.Tactic.Conv
✔ [236/599] Built Mathlib.Tactic.WithoutCDot
✔ [237/599] Built Mathlib.Lean.Meta
✔ [238/599] Built Mathlib.Tactic.SimpRw
✔ [239/599] Built Mathlib.Tactic.ExtendDoc
✔ [240/599] Built Mathlib.Tactic.PPWithUniv
✔ [241/599] Built Mathlib.Tactic.Simproc.ExistsAndEq
✔ [242/599] Built Mathlib.Tactic.OfNat
✔ [243/599] Built Mathlib.Tactic.Attr.Register
✔ [244/599] Built Mathlib.Util.CompileInductive
✔ [245/599] Built Mathlib.Tactic.AdaptationNote
✔ [246/599] Built Mathlib.Data.Int.Notation
✔ [247/599] Built Mathlib.Util.AssertExistsExt
✔ [248/599] Built Mathlib.Data.Set.Defs
✔ [249/599] Built Mathlib.Tactic.Eqns
✔ [250/599] Built Mathlib.Tactic.Simps.NotationClass
✔ [251/599] Built Mathlib.Lean.Name
✔ [252/599] Built Mathlib.Lean.EnvExtension
✔ [253/599] Built Mathlib.Lean.Expr.Basic
✔ [254/599] Built Mathlib.Util.MemoFix
✔ [255/599] Built Mathlib.Lean.Meta.Simp
✔ [256/599] Built Mathlib.Data.String.Defs
✔ [257/601] Built Mathlib.Data.Array.Defs
✔ [258/601] Built Mathlib.Tactic.TypeStar
✔ [259/601] Built Mathlib.Data.Nat.Notation
✔ [260/601] Built Mathlib.Tactic.Lemma
✔ [261/601] Built Aesop.Stats.Extension
✔ [262/601] Built Aesop.BaseM
✔ [263/601] Built Aesop.Script.Check
✔ [264/601] Built Aesop.Script.UScriptToSScript
✔ [265/601] Built Mathlib.Tactic.Widget.SelectPanelUtils
✔ [266/601] Built Mathlib.Tactic.Linter
✔ [267/601] Built Mathlib.Lean.Meta.RefinedDiscrTree.Encode
✔ [268/601] Built Mathlib.Lean.Meta.RefinedDiscrTree.Initialize
✔ [269/601] Built Mathlib.Tactic.ApplyAt
✔ [270/601] Built Mathlib.Tactic.SwapVar
✔ [271/601] Built Mathlib.Tactic.ToExpr
✔ [272/601] Built Mathlib.Lean.Elab.Tactic.Basic
✔ [273/601] Built Mathlib.Tactic.ApplyCongr
✔ [274/601] Built Mathlib.Tactic.ToLevel
✔ [275/601] Built Mathlib.Tactic.ScopedNS
✔ [276/601] Built Mathlib.Tactic.Use
✔ [277/601] Built Mathlib.Tactic.HigherOrder
✔ [278/601] Built Mathlib.Tactic.Attr.Core
✔ [279/601] Built Mathlib.Data.Set.CoeSort
✔ [280/601] Built Mathlib.Util.AssertExists
✔ [281/601] Built Mathlib.Tactic.RenameBVar
✔ [282/601] Built Mathlib.Util.TermReduce
✔ [283/601] Built Mathlib.Tactic.Cases
✔ [284/601] Built Mathlib.Tactic.Core
✔ [285/603] Built Mathlib.Lean.Expr.ReplaceRec
✔ [286/603] Built Mathlib.Tactic.Simps.Basic
✔ [287/603] Built Mathlib.Util.Delaborators
✔ [288/603] Built Mathlib.Tactic.MkIffOfInductiveProp
✔ [289/603] Built Mathlib.Tactic.GeneralizeProofs
✔ [290/603] Built Mathlib.Order.Bounds.Defs
✔ [291/603] Built Mathlib.Data.Bracket
✔ [292/603] Built Mathlib.Tactic.Inhabit
✔ [293/603] Built Mathlib.Logic.ExistsUnique
✔ [294/603] Built Mathlib.Order.Notation
✔ [295/603] Built Mathlib.Data.Int.Init
✔ [296/603] Built Mathlib.Logic.Function.Defs
✔ [297/603] Built Mathlib.Tactic.DeprecateTo
✔ [298/603] Built Mathlib.Data.Ordering.Basic
✔ [299/603] Built Mathlib.Data.Option.Defs
✔ [300/603] Built Mathlib.Tactic.Basic
✔ [301/603] Built Aesop.RPINF
✔ [302/603] Built Aesop.Script.ScriptM
✔ [303/603] Built Aesop.Stats.Report
✔ [304/603] Built Aesop.Script.StructureStatic
✔ [305/603] Built Aesop.Script.StructureDynamic
✔ [306/603] Built Mathlib.Tactic.Widget.InteractiveUnfold
✔ [307/603] Built Mathlib.Tactic.Widget.Calc
✔ [308/603] Built Mathlib.Tactic.Widget.Conv
✔ [309/603] Built Mathlib.Lean.Meta.RefinedDiscrTree.Lookup
✔ [310/603] Built Mathlib.Tactic.FBinop
✔ [311/603] Built Mathlib.Tactic.Propose
✔ [312/605] Built Mathlib.Tactic.WLOG
✔ [313/605] Built Mathlib.Data.Nat.Init
✔ [314/605] Built Mathlib.Tactic.SplitIfs
✔ [315/605] Built Mathlib.Data.Option.NAry
✔ [316/605] Built Mathlib.Data.Prod.PProd
✔ [317/605] Built Mathlib.Logic.Function.ULift
✔ [318/605] Built Mathlib.Logic.Relator
✔ [319/605] Built Mathlib.Logic.Nontrivial.Defs
✔ [320/605] Built Mathlib.Logic.Nonempty
✔ [321/605] Built Mathlib.Tactic.RSuffices
✔ [322/605] Built Mathlib.Logic.Basic
✔ [323/605] Built Mathlib.Tactic.DefEqTransformations
✔ [324/605] Built Mathlib.Tactic.ToAdditive.Frontend
✔ [325/605] Built Mathlib.Tactic.Lift
✔ [326/605] Built Aesop.RulePattern
✔ [327/605] Built Mathlib.Util.Notation3
✔ [328/605] Built Aesop.RuleTac.GoalDiff
✔ [329/605] Built Mathlib.Data.SProd
✔ [330/605] Built Mathlib.Lean.Meta.RefinedDiscrTree
✔ [331/605] Built Aesop.Script.Main
✔ [332/605] Built Aesop.Script.SpecificTactics
✔ [333/605] Built Mathlib.Order.Defs.PartialOrder
✔ [334/605] Built Mathlib.Order.Defs.Unbundled
✔ [335/610] Built Mathlib.Tactic.ToAdditive
✔ [336/610] Built Mathlib.Tactic.Subsingleton
✔ [337/610] Built Aesop.Forward.RuleInfo
✔ [338/612] Built Mathlib.Tactic.Tauto
✔ [339/612] Built Mathlib.Order.TypeTags
✔ [340/612] Built Mathlib.Algebra.NeZero
✔ [341/612] Built Mathlib.Order.Defs.LinearOrder
✔ [342/612] Built Mathlib.Tactic.Widget.LibraryRewrite
✔ [343/614] Built Mathlib.Logic.Function.Basic
✔ [344/614] Built Mathlib.Logic.Relation
✔ [345/614] Built Mathlib.Algebra.Notation.Defs
✔ [346/614] Built Aesop.Rule.Forward
✔ [347/614] Built Mathlib.Data.Int.Order.Basic
✔ [348/614] Built Mathlib.Data.Bool.Basic
✔ [349/614] Built Mathlib.Data.Sigma.Basic
✔ [350/614] Built Mathlib.Tactic.Push
✔ [351/614] Built Mathlib.Tactic.GCongr.Core
✔ [352/614] Built Mathlib.Tactic.Choose
✔ [353/619] Built Mathlib.Logic.Function.Conjugate
✔ [354/619] Built Mathlib.Data.Sum.Basic
✔ [355/619] Built Mathlib.Logic.IsEmpty
✔ [356/619] Built Mathlib.Data.Subtype
✔ [357/619] Built Mathlib.Algebra.Notation.Pi
✔ [358/619] Built Aesop.Forward.Match.Types
✔ [359/619] Built Mathlib.Tactic.ByContra
✔ [360/623] Built Mathlib.Tactic.Contrapose
✔ [361/623] Built Mathlib.Tactic.GCongr.CoreAttrs
✔ [362/623] Built Mathlib.Tactic.GRewrite.Core
✔ [363/623] Built Mathlib.Logic.Function.Iterate
✔ [364/623] Built Mathlib.Logic.Unique
✔ [365/623] Built Mathlib.Data.Set.Operations
✔ [366/623] Built Mathlib.Lean.Meta.CongrTheorems
✔ [367/623] Built Aesop.Index.Basic
✔ [368/625] Built Mathlib.Algebra.Group.Defs
✔ [369/625] Built Mathlib.Data.Nat.Basic
✔ [370/625] Built Mathlib.Tactic.IrreducibleDef
✔ [371/625] Built Mathlib.Tactic.GCongr
✔ [372/625] Built Mathlib.Data.FunLike.Basic
✔ [373/625] Built Mathlib.Tactic.GRewrite.Elab
✔ [374/625] Built Aesop.RuleTac.Basic
✔ [375/625] Built Mathlib.Data.Quot
✔ [376/625] Built Aesop.Index.Forward
✔ [377/625] Built Aesop.Index.RulePattern
✔ [378/625] Built Batteries.Data.Rat.Basic
✔ [379/625] Built Mathlib.Algebra.Group.Int.Defs
✔ [380/625] Built Mathlib.Algebra.Group.Nat.Defs
✔ [381/625] Built Mathlib.Data.Nat.Sqrt
✔ [382/625] Built Mathlib.Tactic.CongrExclamation
✔ [383/625] Built Mathlib.Data.Nat.Cast.Defs
✔ [384/625] Built Mathlib.Algebra.Group.Semiconj.Defs
✔ [385/625] Built Mathlib.Algebra.GroupWithZero.Defs
✔ [386/625] Built Mathlib.Data.FunLike.Embedding
✔ [387/625] Built Mathlib.Algebra.Group.InjSurj
✔ [388/625] Built Mathlib.Algebra.Group.Pi.Basic
✔ [389/625] Built Mathlib.Tactic.GRewrite
✔ [390/625] Built Aesop.Search.Expansion.Basic
✔ [391/625] Built Aesop.RuleTac.Preprocess
✔ [392/625] Built Aesop.RuleTac.Tactic
✔ [393/628] Built Aesop.RuleTac.Apply
✔ [394/628] Built Aesop.RuleTac.Cases
✔ [395/628] Built Batteries.Classes.RatCast
✔ [396/628] Built Aesop.RuleTac.Descr
✔ [397/628] Built Mathlib.Lean.Expr.Rat
✔ [398/628] Built Mathlib.Data.Nat.Cast.NeZero
✔ [399/628] Built Mathlib.Data.Int.Cast.Defs
✔ [400/628] Built Mathlib.Tactic.Convert
✔ [401/628] Built Mathlib.Algebra.GroupWithZero.Nat
✔ [402/634] Built Mathlib.Algebra.Group.Hom.Defs
✔ [403/634] Built Mathlib.Algebra.GroupWithZero.NeZero
✔ [404/635] Built Mathlib.Algebra.Group.Commute.Defs
✔ [405/635] Built Mathlib.Data.FunLike.Equiv
✔ [406/635] Built Mathlib.Data.Rat.Init
✔ [407/635] Built Mathlib.Tactic.TermCongr
✔ [408/635] Built Mathlib.Algebra.Group.Invertible.Defs
✔ [409/635] Built Aesop.Rule.Basic
✔ [410/635] Built Mathlib.Algebra.CharZero.Defs
✔ [411/635] Built Mathlib.Data.Int.Basic
✔ [412/635] Built Mathlib.Util.Qq
✔ [413/637] Built Mathlib.Tactic.HaveI
✔ [414/638] Built Mathlib.Algebra.Ring.Defs
✔ [415/638] Built Mathlib.Algebra.GroupWithZero.InjSurj
✔ [416/638] Built Mathlib.Tactic.CongrM
✔ [417/638] Built Aesop.Rule
✔ [418/641] Built Mathlib.Order.Basic
✔ [419/641] Built Mathlib.Algebra.Ring.Nat
✔ [420/641] Built Mathlib.Algebra.Ring.Semiconj
✔ [421/642] Built Mathlib.Logic.Equiv.Defs
✔ [422/642] Built Mathlib.Algebra.Group.Units.Defs
✔ [423/642] Built Mathlib.Control.Basic
✔ [424/642] Built Mathlib.Algebra.Field.Defs
✔ [425/643] Built Mathlib.Tactic.Widget.CongrM
✔ [426/643] Built Aesop.Tree.UnsafeQueue
✔ [427/643] Built Aesop.RuleSet.Member
✔ [428/643] Built Aesop.Forward.Match
✔ [429/643] Built Mathlib.Order.ULift
✔ [430/643] Built Mathlib.Order.Monotone.Defs
✔ [431/643] Built Mathlib.Algebra.Order.ZeroLEOne
✔ [432/643] Built Mathlib.Order.RelClasses
✔ [433/643] Built Mathlib.Control.EquivFunctor
✔ [434/643] Built Mathlib.Order.Synonym
✔ [435/643] Built Mathlib.Algebra.Group.Nat.Units
✔ [436/643] Built Aesop.Builder.Basic
✔ [437/643] Built Mathlib.Algebra.Group.Equiv.Defs
✔ [438/643] Built Mathlib.Logic.Equiv.Prod
✔ [439/645] Built Aesop.RuleTac.Forward
✔ [440/645] Built Aesop.Tree.Data.ForwardRuleMatches
✔ [441/645] Built Aesop.Index
✔ [442/645] Built Mathlib.Order.Compare
✔ [443/645] Built Mathlib.Algebra.Order.Group.Synonym
✔ [444/645] Built Aesop.Builder.Unfold
✔ [445/645] Built Mathlib.Order.Max
✔ [446/645] Built Aesop.Builder.Apply
✔ [447/645] Built Aesop.Builder.Tactic
✔ [448/645] Built Aesop.Builder.Forward
✔ [449/645] Built Aesop.Forward.State
✔ [450/645] Built Aesop.Builder.NormSimp
✔ [451/650] Built Aesop.Builder.Constructors
✔ [452/650] Built Aesop.Builder.Cases
✔ [453/650] Built Aesop.RuleTac
✔ [454/650] Built Mathlib.Logic.Equiv.Sum
✔ [455/650] Built Mathlib.Order.Monotone.Basic
✔ [456/656] Built Aesop.RuleSet
✔ [457/656] Built Aesop.Builder.Default
✔ [458/656] Built Aesop.Tree.Data
✔ [459/656] Built Mathlib.Order.Interval.Set.Defs
✔ [460/658] Built Aesop.Forward.State.ApplyGoalDiff
✔ [461/658] Built Aesop.Forward.State.Initial
✔ [462/658] Built Aesop.Frontend.Extension.Init
✔ [463/658] Built Aesop.Search.Queue.Class
✔ [464/659] Built Aesop.Tree.Traversal
✔ [465/659] Built Mathlib.Logic.Pairwise
✔ [466/659] Built Aesop.Tree.RunMetaM
✔ [467/659] Built Mathlib.Order.Lattice
✔ [468/659] Built Mathlib.Algebra.GroupWithZero.Pi
✔ [469/659] Built Aesop.Frontend.Extension
✔ [470/663] Built Aesop.Frontend.RuleExpr
✔ [471/663] Built Aesop.Tree.State
✔ [472/663] Built Aesop.Tree.TreeM
✔ [473/663] Built Aesop.Tree.Tracing
✔ [474/663] Built Aesop.Frontend.Attribute
✔ [475/665] Built Mathlib.Order.MinMax
✔ [476/665] Built Aesop.Saturate
✔ [477/665] Built Aesop.Frontend.Command
✔ [478/665] Built Aesop.Frontend.Tactic
✔ [479/665] Built Aesop.Tree.Check
✔ [480/665] Built Aesop.Search.SearchM
✔ [481/665] Built Aesop.Tree.Free
✔ [482/665] Built Aesop.Tree.ExtractProof
✔ [483/665] Built Aesop.Tree.ExtractScript
✔ [484/665] Built Aesop.BuiltinRules.Subst
✔ [485/665] Built Aesop.BuiltinRules.Split
✔ [486/665] Built Aesop.BuiltinRules.Rfl
✔ [487/665] Built Aesop.BuiltinRules.Intros
✔ [488/665] Built Aesop.Tree.AddRapp
✔ [489/665] Built Aesop.BuiltinRules.Ext
✔ [490/669] Built Aesop.BuiltinRules.ApplyHyps
✔ [491/669] Built Aesop.BuiltinRules.DestructProducts
✔ [492/669] Built Aesop.BuiltinRules.Assumption
✔ [493/669] Built Mathlib.Control.ULift
✔ [494/669] Built Mathlib.Tactic.Bound.Init
✔ [495/674] Built Aesop.Search.RuleSelection
✔ [496/676] Built Aesop.Frontend.Saturate
✔ [497/681] Built Aesop.Tree
✔ [498/684] Built Aesop.BuiltinRules
✔ [499/698] Built Aesop.Search.Queue
✔ [500/698] Built Batteries.Data.Rat.Lemmas
✔ [501/698] Built Mathlib.Data.PNat.Notation
✔ [502/701] Built Mathlib.Data.Nat.Find
✔ [503/707] Built Batteries.Control.ForInStep.Lemmas
✔ [504/707] Built Mathlib.Data.PNat.Defs
✔ [505/709] Built Mathlib.Control.Functor
✔ [506/725] Built Aesop.Search.Expansion.Norm
✔ [507/725] Built Mathlib.Data.List.Monad
✔ [508/768] Built Mathlib.Order.SetNotation
✔ [509/769] Built Batteries.Data.List.Pairwise
✔ [510/769] Built Mathlib.Algebra.BigOperators.Group.List.Defs
✔ [511/789] Built Mathlib.Data.List.Flatten
✔ [512/792] Built Batteries.Data.List.Lemmas
✔ [513/792] Built Mathlib.Data.List.Pairwise
✔ [514/801] Built Aesop.Search.Expansion
✔ [515/801] Built Mathlib.Data.Finite.Defs
✔ [516/823] Built Batteries.Data.List.Perm
✔ [517/841] Built Mathlib.Data.List.Defs
✔ [518/858] Built Mathlib.Order.Iterate
✔ [519/858] Built Mathlib.Data.Int.DivMod
✔ [520/859] Built Aesop.Search.ExpandSafePrefix
✔ [521/903] Built Mathlib.Tactic.TryThis
✔ [522/909] Built Mathlib.Util.AtomM
✔ [523/914] Built Mathlib.Data.List.TakeWhile
✔ [524/914] Built Mathlib.Lean.Expr.ExtraRecognizers
✔ [525/926] Built Mathlib.Control.Applicative
✔ [526/926] Built Mathlib.Control.Traversable.Basic
✔ [527/928] Built Mathlib.Logic.Function.CompTypeclasses
✔ [528/1001] Built Mathlib.Data.Set.Notation
✔ [529/1032] Built Mathlib.Algebra.Group.Commute.Hom
✔ [530/1032] Built Mathlib.Algebra.Group.PUnit
✔ [531/1036] Built Mathlib.Data.Ineq
✔ [532/1036] Built Mathlib.Algebra.Group.Hom.CompTypeclasses
✔ [533/1036] Built Aesop.Search.Main
✔ [534/1041] Built Mathlib.Util.SynthesizeUsing
✔ [535/1063] Built Mathlib.Algebra.Ring.PUnit
✔ [536/1063] Built Mathlib.Data.Tree.Basic
✔ [537/1081] Built Mathlib.Tactic.Linarith.Oracle.SimplexAlgorithm.Datatypes
✔ [538/1081] Built Mathlib.Data.Int.Cast.Pi
✔ [539/1081] Built Aesop.Main
✔ [540/1081] Built Mathlib.Algebra.Notation
✔ [541/1095] Built Mathlib.Tactic.Linarith.Oracle.SimplexAlgorithm.Gauss
✔ [542/1095] Built Mathlib.Data.PNat.Equiv
✔ [543/1099] Built Mathlib.Tactic.Linarith.Oracle.SimplexAlgorithm.SimplexAlgorithm
✔ [544/1099] Built Mathlib.Algebra.Group.Irreducible.Defs
✔ [545/1099] Built Aesop
✔ [546/1099] Built Mathlib.Algebra.Order.GroupWithZero.Synonym
✔ [547/1099] Built Mathlib.Tactic.Linarith.Oracle.SimplexAlgorithm.PositiveVector
✔ [548/1099] Built Mathlib.Data.ENat.Defs
✔ [549/1099] Built Mathlib.Tactic.SetLike
✔ [550/1099] Built Mathlib.Data.Finset.Attr
✔ [551/1099] Built Mathlib.Tactic.Common
✔ [552/1103] Built Mathlib.Data.Option.Basic
✔ [553/1103] Built Mathlib.Tactic.Bound.Attribute
✔ [554/1103] Built Mathlib.Data.Prod.Basic
✔ [555/1103] Built Mathlib.Tactic.Finiteness.Attr
✔ [556/1103] Built Mathlib.Data.Vector.Defs
✔ [557/1103] Built Mathlib.Data.List.Count
✔ [558/1103] Built Mathlib.Data.List.TakeDrop
✔ [559/1103] Built Mathlib.Data.Int.Sqrt
✔ [560/1103] Built Mathlib.Data.Nat.Factorial.Basic
✔ [561/1103] Built Mathlib.Data.List.Scan
✔ [562/1106] Built Mathlib.Data.Rat.Defs
✔ [563/1106] Built Mathlib.Algebra.Notation.Prod
✔ [564/1106] Built Mathlib.Logic.Equiv.Option
✔ [565/1106] Built Mathlib.Logic.Nontrivial.Basic
✔ [566/1106] Built Mathlib.Order.BoundedOrder.Basic
✔ [567/1106] Built Mathlib.Data.List.Basic
✔ [568/1106] Built Mathlib.Data.Nat.Choose.Basic
✔ [569/1106] Built Mathlib.Algebra.Group.Basic
✔ [570/1106] Built Mathlib.Algebra.Group.ULift
✔ [571/1106] Built Mathlib.Algebra.Opposites
✔ [572/1106] Built Mathlib.Algebra.Group.WithOne.Defs
✔ [573/1106] Built Mathlib.Tactic.Nontriviality.Core
✔ [574/1106] Built Mathlib.Order.Nat
✔ [575/1106] Built Mathlib.Order.BoundedOrder.Monotone
✔ [576/1106] Built Mathlib.Logic.Equiv.Basic
✔ [577/1106] Built Mathlib.Order.GaloisConnection.Defs
✔ [578/1106] Built Mathlib.Order.BoundedOrder.Lattice
✔ [579/1106] Built Mathlib.Data.List.Perm.Subperm
✔ [580/1106] Built Mathlib.Data.List.ProdSigma
✔ [581/1106] Built Mathlib.Data.List.Induction
✔ [582/1106] Built Mathlib.Data.List.Lex
✔ [583/1106] Built Mathlib.Data.List.Lattice
✔ [584/1106] Built Mathlib.Data.List.InsertIdx
✔ [585/1106] Built Mathlib.Data.List.Forall2
✔ [586/1106] Built Mathlib.Algebra.Group.Idempotent
✔ [587/1106] Built Mathlib.Algebra.Group.Semiconj.Basic
✔ [588/1106] Built Mathlib.Data.Int.Cast.Basic
✔ [589/1106] Built Mathlib.Algebra.Group.Int.Units
✔ [590/1106] Built Mathlib.Algebra.Divisibility.Basic
✔ [591/1106] Built Mathlib.Algebra.Group.Torsion
✔ [592/1106] Built Mathlib.Algebra.Order.Monoid.Unbundled.Defs
✔ [593/1106] Built Mathlib.Algebra.Group.Hom.Basic
✔ [594/1106] Built Mathlib.Order.WithBot
✔ [595/1110] Built Mathlib.Algebra.GroupWithZero.Basic
✔ [596/1110] Built Mathlib.Algebra.Regular.Basic
✔ [597/1110] Built Mathlib.Tactic.Nontriviality
✔ [598/1110] Built Mathlib.Algebra.Group.Opposite
✔ [599/1110] Built Mathlib.Data.ULift
✔ [600/1110] Built Mathlib.Algebra.Group.Action.Defs
✔ [601/1110] Built Mathlib.Logic.Embedding.Basic
✔ [602/1110] Built Mathlib.Data.Multiset.Defs
✔ [603/1110] Built Mathlib.Data.List.Zip
✔ [604/1110] Built Mathlib.Data.List.Infix
✔ [605/1110] Built Mathlib.Order.Disjoint
✔ [606/1110] Built Mathlib.Data.List.Perm.Basic
✔ [607/1110] Built Mathlib.Data.List.Nodup
✔ [608/1110] Built Mathlib.Algebra.Group.Commute.Basic
✔ [609/1110] Built Mathlib.Data.List.Chain
✔ [610/1110] Built Mathlib.Algebra.Divisibility.Hom
✔ [611/1110] Built Mathlib.Tactic.Zify
✔ [612/1110] Built Mathlib.Algebra.Ring.GrindInstances
✔ [613/1110] Built Mathlib.Algebra.Order.Monoid.Unbundled.OrderDual
✔ [614/1110] Built Mathlib.Algebra.Order.GroupWithZero.Unbundled.Defs
✔ [615/1110] Built Mathlib.Algebra.Group.Equiv.Basic
✔ [616/1110] Built Mathlib.Algebra.Group.TypeTags.Basic
✔ [617/1111] Built Mathlib.Algebra.Ring.InjSurj
✔ [618/1111] Built Mathlib.Algebra.GroupWithZero.Hom
✔ [619/1111] Built Mathlib.Algebra.Group.Hom.Instances
✔ [620/1111] Built Mathlib.Data.List.MinMax
✔ [621/1111] Built Mathlib.Algebra.GroupWithZero.Regular
✔ [622/1111] Built Mathlib.Algebra.GroupWithZero.Opposite
✔ [623/1111] Built Mathlib.Algebra.Group.Action.Faithful
✔ [624/1111] Built Mathlib.Algebra.Group.Action.Opposite
✔ [625/1111] Built Mathlib.Algebra.Group.Embedding
✔ [626/1111] Built Mathlib.Algebra.Order.Monoid.Unbundled.Basic
✔ [627/1111] Built Mathlib.Algebra.Group.Units.Basic
✔ [628/1111] Built Mathlib.Order.PropInstances
✔ [629/1111] Built Mathlib.Data.Multiset.ZeroCons
✔ [630/1111] Built Mathlib.Order.RelIso.Basic
✔ [631/1111] Built Mathlib.Data.List.Perm.Lattice
✔ [632/1111] Built Mathlib.Data.List.NatAntidiagonal
✔ [633/1111] Built Mathlib.Data.List.Duplicate
✔ [634/1111] Built Mathlib.Data.List.Dedup
✔ [635/1111] Built Mathlib.Data.List.Range
✔ [636/1111] Built Mathlib.Data.List.Rotate
✔ [637/1111] Built Mathlib.Algebra.BigOperators.Group.List.Basic
✔ [638/1111] Built Mathlib.Algebra.Group.Action.TypeTags
✔ [639/1114] Built Mathlib.Algebra.Ring.Int.Defs
✔ [640/1114] Built Mathlib.Algebra.GroupWithZero.Equiv
✔ [641/1114] Built Mathlib.Algebra.Group.TypeTags.Hom
✔ [642/1114] Built Mathlib.Algebra.Ring.Divisibility.Basic
✔ [643/1114] Built Mathlib.Algebra.Group.Hom.End
✔ [644/1114] Built Mathlib.Algebra.Group.Equiv.Opposite
✔ [645/1114] Built Mathlib.Algebra.Ring.Basic
✔ [646/1114] Built Mathlib.Algebra.Group.Action.Units
✔ [647/1114] Built Mathlib.Algebra.Order.Sub.Defs
✔ [648/1114] Built Mathlib.Algebra.Order.Monoid.NatCast
✔ [649/1114] Built Mathlib.Algebra.Order.Monoid.Unbundled.MinMax
✔ [650/1114] Built Mathlib.Algebra.GroupWithZero.Action.Defs
✔ [651/1114] Built Mathlib.Algebra.Order.Monoid.Unbundled.ExistsOfLE
✔ [652/1114] Built Mathlib.Algebra.Divisibility.Units
✔ [653/1114] Built Mathlib.Algebra.Order.Monoid.Defs
✔ [654/1114] Built Mathlib.Algebra.Order.Monoid.Unbundled.Pow
✔ [655/1114] Built Mathlib.Algebra.Group.Units.Hom
✔ [656/1114] Built Mathlib.Algebra.Group.Semiconj.Units
✔ [657/1114] Built Mathlib.Data.Multiset.Count
✔ [658/1114] Built Mathlib.Algebra.GroupWithZero.Units.Basic
✔ [659/1114] Built Mathlib.Data.Multiset.Basic
✔ [660/1114] Built Mathlib.Data.Set.Basic
✔ [661/1114] Built Mathlib.Algebra.BigOperators.Group.List.Lemmas
✔ [662/1114] Built Mathlib.Order.Heyting.Basic
✔ [663/1118] Built Mathlib.Algebra.Group.Action.Pretransitive
✔ [664/1118] Built Mathlib.Algebra.FreeMonoid.Basic
✔ [665/1118] Built Mathlib.Data.Int.Cast.Field
✔ [666/1118] Built Mathlib.Algebra.Group.Nat.Hom
✔ [667/1118] Built Mathlib.Order.Hom.Basic
✔ [668/1118] Built Mathlib.Algebra.Group.Equiv.TypeTags
✔ [669/1118] Built Mathlib.Algebra.Group.Even
✔ [670/1118] Built Mathlib.Algebra.GroupWithZero.Action.Opposite
✔ [671/1118] Built Mathlib.Algebra.GroupWithZero.Action.Hom
✔ [672/1118] Built Mathlib.Algebra.NoZeroSMulDivisors.Defs
✔ [673/1118] Built Mathlib.Algebra.Ring.Hom.Defs
✔ [674/1118] Built Mathlib.Algebra.Ring.Action.Rat
✔ [675/1118] Built Mathlib.Algebra.Module.Defs
✔ [676/1118] Built Mathlib.GroupTheory.GroupAction.Ring
✔ [677/1118] Built Mathlib.Algebra.Order.Monoid.Unbundled.TypeTags
✔ [678/1118] Built Mathlib.Algebra.Order.Sub.Unbundled.Basic
✔ [679/1118] Built Mathlib.Algebra.Order.Group.Unbundled.Basic
✔ [680/1118] Built Mathlib.Algebra.Order.Monoid.OrderDual
✔ [681/1118] Built Mathlib.Algebra.Order.Group.Int
✔ [682/1118] Built Mathlib.Algebra.Order.Monoid.Canonical.Defs
✔ [683/1118] Built Mathlib.Algebra.Group.Commute.Units
✔ [684/1118] Built Mathlib.Algebra.Group.Units.Equiv
✔ [685/1118] Built Mathlib.Algebra.Order.Monoid.Unbundled.WithTop
✔ [686/1118] Built Mathlib.Algebra.GroupWithZero.Action.Units
✔ [687/1118] Built Mathlib.Data.Multiset.AddSub
✔ [688/1118] Built Mathlib.Algebra.GroupWithZero.Divisibility
✔ [689/1118] Built Mathlib.Algebra.Ring.Rat
✔ [690/1118] Built Mathlib.Algebra.Group.Prod
✔ [691/1118] Built Mathlib.Algebra.GroupWithZero.Semiconj
✔ [692/1118] Built Mathlib.Algebra.GroupWithZero.WithZero
✔ [693/1118] Built Mathlib.Data.SetLike.Basic
✔ [694/1118] Built Mathlib.Data.Set.Inclusion
✔ [695/1123] Built Mathlib.Data.Set.Order
✔ [696/1123] Built Mathlib.Data.Set.Disjoint
✔ [697/1123] Built Mathlib.Order.BooleanAlgebra.Defs
✔ [698/1123] Built Mathlib.Algebra.Group.Action.Hom
✔ [699/1123] Built Mathlib.Algebra.Order.Monoid.Basic
✔ [700/1123] Built Mathlib.Tactic.ApplyFun
✔ [701/1123] Built Mathlib.Order.Antisymmetrization
✔ [702/1123] Built Mathlib.Algebra.Order.Monoid.Units
✔ [703/1123] Built Mathlib.Algebra.Order.GroupWithZero.Unbundled.Basic
✔ [704/1123] Built Mathlib.Order.Hom.Lattice
✔ [705/1123] Built Mathlib.Data.Nat.Cast.Basic
✔ [706/1123] Built Mathlib.Algebra.Group.Nat.Even
✔ [707/1123] Built Mathlib.Order.Hom.Bounded
✔ [708/1123] Built Mathlib.Algebra.Ring.Units
✔ [709/1123] Built Mathlib.Algebra.Order.Monoid.TypeTags
✔ [710/1123] Built Mathlib.Algebra.Order.Group.Defs
✔ [711/1123] Built Mathlib.Algebra.Order.Group.Nat
✔ [712/1123] Built Mathlib.Algebra.Order.Sub.Basic
✔ [713/1123] Built Mathlib.Algebra.Order.BigOperators.Group.List
✔ [714/1123] Built Mathlib.Algebra.Ring.Opposite
✔ [715/1123] Built Mathlib.Algebra.Group.Invertible.Basic
✔ [716/1123] Built Mathlib.Algebra.Group.Irreducible.Lemmas
✔ [717/1123] Built Mathlib.Algebra.GroupWithZero.Units.Equiv
✔ [718/1123] Built Mathlib.Algebra.Order.Group.OrderIso
✔ [719/1123] Built Mathlib.Data.Nat.Cast.WithTop
✔ [720/1123] Built Mathlib.Algebra.Order.Sub.WithTop
✔ [721/1123] Built Mathlib.Algebra.Order.Monoid.WithTop
✔ [722/1123] Built Mathlib.Data.Multiset.Replicate
✔ [723/1123] Built Mathlib.Algebra.Prime.Defs
✔ [724/1123] Built Mathlib.Algebra.GroupWithZero.Commute
✔ [725/1123] Built Mathlib.Algebra.GroupWithZero.Prod
✔ [726/1123] Built Mathlib.Data.Int.GCD
✔ [727/1123] Built Mathlib.Algebra.Group.Subsemigroup.Defs
✔ [728/1123] Built Mathlib.Algebra.Group.End
✔ [729/1123] Built Mathlib.Algebra.Group.Action.Prod
✔ [730/1123] Built Mathlib.Algebra.GroupWithZero.Action.End
✔ [731/1123] Built Mathlib.Data.Set.Insert
✔ [732/1123] Built Mathlib.Order.BooleanAlgebra.Basic
✔ [733/1123] Built Mathlib.Data.Nat.Cast.Order.Basic
✔ [734/1123] Built Mathlib.Algebra.Group.Int.Even
✔ [735/1123] Built Mathlib.Algebra.Ring.Int.Units
✔ [736/1123] Built Mathlib.Algebra.Module.Opposite
✔ [737/1123] Built Mathlib.Algebra.Group.Action.Basic
✔ [738/1123] Built Mathlib.Algebra.Ring.Commute
✔ [739/1123] Built Mathlib.Algebra.GroupWithZero.Invertible
✔ [740/1123] Built Mathlib.Algebra.Order.GroupWithZero.Unbundled.OrderIso
✔ [741/1123] Built Mathlib.Algebra.Order.Group.Lattice
✔ [742/1123] Built Mathlib.Algebra.Order.AddGroupWithTop
✔ [743/1123] Built Mathlib.Algebra.Order.Ring.Unbundled.Basic
✔ [744/1123] Built Mathlib.Algebra.Prime.Lemmas
✔ [745/1123] Built Mathlib.Algebra.GroupWithZero.Units.Lemmas
✔ [746/1123] Built Mathlib.Algebra.GroupWithZero.Action.Prod
✔ [747/1123] Built Mathlib.Data.Nat.Prime.Defs
✔ [748/1123] Built Mathlib.Algebra.Module.RingHom
✔ [749/1123] Built Mathlib.Data.Set.Subsingleton
✔ [750/1123] Built Mathlib.Algebra.Group.Submonoid.Defs
✔ [751/1123] Built Mathlib.Order.BooleanAlgebra.Set
✔ [752/1123] Built Mathlib.Algebra.Group.Action.End
✔ [753/1123] Built Mathlib.Order.SymmDiff
✔ [754/1123] Built Mathlib.Algebra.Ring.Action.Basic
✔ [755/1123] Built Mathlib.Algebra.Order.Nonneg.Basic
✔ [756/1123] Built Mathlib.Data.Nat.Cast.Commute
✔ [757/1123] Built Mathlib.Algebra.BigOperators.Ring.List
✔ [758/1123] Built Mathlib.Algebra.Ring.Invertible
✔ [759/1128] Built Mathlib.Tactic.NormNum.Result
✔ [760/1128] Built Mathlib.Algebra.Order.Ring.Defs
✔ [761/1128] Built Mathlib.Algebra.Order.Group.Unbundled.Abs
✔ [762/1128] Built Mathlib.Algebra.Order.GroupWithZero.Canonical
✔ [763/1128] Built Mathlib.Algebra.Module.Prod
✔ [764/1128] Built Mathlib.Algebra.GroupWithZero.Associated
✔ [765/1128] Built Mathlib.Algebra.CharP.Defs
✔ [766/1128] Built Mathlib.RingTheory.NonUnitalSubsemiring.Defs
✔ [767/1128] Built Mathlib.Algebra.Group.Submonoid.MulAction
✔ [768/1128] Built Mathlib.Algebra.GroupWithZero.Action.Basic
✔ [769/1128] Built Mathlib.Data.Set.SymmDiff
✔ [770/1128] Built Mathlib.Order.Filter.Defs
✔ [771/1128] Built Mathlib.Algebra.Group.Subgroup.Defs
✔ [772/1128] Built Mathlib.Order.Interval.Set.Basic
✔ [773/1128] Built Mathlib.Algebra.Module.PUnit
✔ [774/1128] Built Mathlib.Order.Hom.BoundedLattice
✔ [775/1130] Built Mathlib.Algebra.Field.Basic
✔ [776/1130] Built Mathlib.Algebra.Order.Ring.InjSurj
✔ [777/1130] Built Mathlib.Algebra.Ring.Parity
✔ [778/1130] Built Mathlib.Tactic.NormNum.Core
✔ [779/1130] Built Mathlib.Algebra.Order.Field.Defs
✔ [780/1130] Built Mathlib.Algebra.Order.Positive.Ring
✔ [781/1130] Built Mathlib.Algebra.Order.Group.Abs
✔ [782/1130] Built Mathlib.Algebra.Order.Group.PosPart
✔ [783/1130] Built Mathlib.Algebra.Order.Group.Unbundled.Int
✔ [784/1130] Built Mathlib.Data.Nat.WithBot
✔ [785/1130] Built Mathlib.Algebra.Order.Ring.Unbundled.Rat
✔ [786/1130] Built Mathlib.GroupTheory.GroupAction.Hom
✔ [787/1130] Built Mathlib.RingTheory.NonUnitalSubring.Defs
✔ [788/1130] Built Mathlib.Algebra.Ring.Subsemiring.Defs
✔ [789/1130] Built Mathlib.Algebra.Order.Ring.Nat
✔ [790/1130] Built Mathlib.Order.Hom.WithTopBot
✔ [791/1130] Built Mathlib.Data.Set.Image
✔ [792/1130] Built Mathlib.Algebra.Order.Ring.Basic
✔ [793/1130] Built Mathlib.Algebra.Order.Ring.Canonical
✔ [794/1130] Built Mathlib.Order.Interval.Set.LinearOrder
✔ [795/1130] Built Mathlib.Data.Int.Cast.Lemmas
✔ [796/1130] Built Mathlib.Tactic.CancelDenoms.Core
✔ [797/1130] Built Mathlib.Algebra.Ring.Int.Parity
✔ [798/1130] Built Mathlib.Algebra.Order.Hom.Basic
✔ [799/1130] Built Mathlib.Algebra.Order.Group.MinMax
✔ [800/1130] Built Mathlib.Algebra.Order.Ring.Rat
✔ [801/1131] Built Mathlib.Tactic.NormNum.Basic
✔ [802/1131] Built Mathlib.Data.NNRat.Defs
✔ [803/1131] Built Mathlib.Algebra.Regular.SMul
✔ [804/1131] Built Mathlib.Algebra.Ring.Subring.Defs
✔ [805/1131] Built Mathlib.Data.Nat.Cast.Order.Ring
✔ [806/1131] Built Mathlib.Data.PNat.Basic
✔ [807/1131] Built Mathlib.Logic.Embedding.Set
✔ [808/1131] Built Mathlib.Data.Nat.Set
✔ [809/1131] Built Mathlib.Data.Bool.Set
✔ [810/1131] Built Mathlib.Order.Interval.Set.WithBotTop
✔ [811/1131] Built Mathlib.Data.Set.List
✔ [812/1131] Built Mathlib.Algebra.Group.Support
✔ [813/1131] Built Mathlib.Data.Set.Restrict
✔ [814/1131] Built Mathlib.Order.Directed
✔ [815/1131] Built Mathlib.Algebra.Order.Field.Canonical
✔ [816/1131] Built Mathlib.Algebra.Module.NatInt
✔ [817/1131] Built Mathlib.Algebra.Order.Ring.Int
✔ [818/1131] Built Mathlib.Data.Rat.Lemmas
✔ [819/1134] Built Mathlib.Algebra.Order.Ring.WithTop
✔ [820/1134] Built Mathlib.Data.Set.Prod
✔ [821/1134] Built Mathlib.Algebra.GroupWithZero.ULift
✔ [822/1134] Built Mathlib.Tactic.NormNum.Pow
✔ [823/1134] Built Mathlib.Algebra.Field.Rat
✔ [824/1134] Built Mathlib.Algebra.Order.Invertible
✔ [825/1134] Built Mathlib.Tactic.Linarith.Lemmas
✔ [826/1134] Built Mathlib.Algebra.Order.Ring.Pow
✔ [827/1134] Built Mathlib.Tactic.Abel
✔ [828/1134] Built Mathlib.Algebra.Field.Subfield.Defs
✔ [829/1134] Built Mathlib.Data.Int.CharZero
✔ [830/1134] Built Mathlib.Algebra.Ring.CharZero
✔ [831/1134] Built Mathlib.Data.Multiset.MapFold
✔ [832/1134] Built Mathlib.Logic.Function.DependsOn
✔ [833/1136] Built Mathlib.Algebra.Module.End
✔ [834/1136] Built Mathlib.Order.Bounds.Basic
✔ [835/1136] Built Mathlib.Algebra.Order.Ring.Cast
✔ [836/1136] Built Mathlib.Algebra.Order.Ring.Abs
✔ [837/1136] Built Mathlib.Data.Set.NAry
✔ [838/1136] Built Mathlib.Tactic.Linarith.Datatypes
✔ [839/1136] Built Mathlib.Data.Multiset.NatAntidiagonal
✔ [840/1136] Built Mathlib.Data.Rat.Cast.Defs
✔ [841/1136] Built Mathlib.Data.Set.Function
✔ [842/1136] Built Mathlib.Algebra.Group.Conj
✔ [843/1136] Built Mathlib.Algebra.NoZeroSMulDivisors.Basic
✔ [844/1136] Built Mathlib.Order.LatticeIntervals
✔ [845/1138] Built Mathlib.Order.CompleteLattice.Defs
✔ [846/1138] Built Mathlib.Order.Bounds.Image
✔ [847/1138] Built Mathlib.Tactic.Linarith.Oracle.SimplexAlgorithm
✔ [848/1138] Built Mathlib.Tactic.Positivity.Core
✔ [849/1138] Built Mathlib.Tactic.Linarith.Parsing
✔ [850/1138] Built Mathlib.Tactic.Linarith.Preprocessing
✔ [851/1138] Built Mathlib.Data.Rat.Cast.CharZero
✔ [852/1138] Built Mathlib.Algebra.Group.Submonoid.DistribMulAction
✔ [853/1138] Built Mathlib.Algebra.Order.Interval.Set.Monoid
✔ [854/1138] Built Mathlib.Data.Multiset.Filter
✔ [855/1138] Built Mathlib.Order.Interval.Set.Image
✔ [856/1138] Built Mathlib.Order.WellFounded
✔ [857/1138] Built Mathlib.Data.Set.Monotone
✔ [858/1141] Built Mathlib.Algebra.Group.Pointwise.Set.Basic
✔ [859/1141] Built Mathlib.Data.Set.Piecewise
✔ [860/1141] Built Mathlib.Logic.Equiv.Set
✔ [861/1141] Built Mathlib.Data.Set.Pairwise.Basic
✔ [862/1141] Built Mathlib.Algebra.Order.Field.Power
✔ [863/1141] Built Mathlib.Data.Nat.Cast.Prod
✔ [864/1141] Built Mathlib.Tactic.Linarith.Verification
✔ [865/1141] Built Mathlib.Algebra.Order.AbsoluteValue.Basic
✔ [866/1141] Built Mathlib.Algebra.Ring.Action.Subobjects
✔ [867/1141] Built Mathlib.Tactic.NormNum.Inv
✔ [868/1141] Built Mathlib.Algebra.BigOperators.Group.Multiset.Defs
✔ [869/1141] Built Mathlib.Data.Multiset.UnionInter
✔ [870/1142] Built Mathlib.Order.ConditionallyCompleteLattice.Defs
✔ [871/1142] Built Mathlib.Algebra.Group.Action.Pi
✔ [872/1142] Built Mathlib.Tactic.Positivity.Basic
✔ [873/1142] Built Mathlib.Order.Interval.Set.UnorderedInterval
✔ [874/1142] Built Mathlib.Algebra.Group.Pointwise.Set.Scalar
✔ [875/1142] Built Mathlib.Order.RelIso.Set
✔ [876/1142] Built Mathlib.Algebra.Group.Pi.Lemmas
✔ [877/1144] Built Mathlib.Order.Hom.Set
✔ [878/1146] Built Mathlib.Data.Finset.Defs
✔ [879/1146] Built Mathlib.Algebra.Group.Center
✔ [880/1146] Built Mathlib.Data.Int.Cast.Prod
✔ [881/1146] Built Mathlib.Algebra.Ring.Equiv
✔ [882/1146] Built Mathlib.Tactic.NormNum.Eq
✔ [883/1146] Built Mathlib.Data.Fin.Basic
✔ [884/1146] Built Mathlib.Data.Multiset.Dedup
✔ [885/1146] Built Mathlib.Data.Multiset.Range
✔ [886/1146] Built Mathlib.Algebra.NoZeroSMulDivisors.Pi
✔ [887/1146] Built Mathlib.Algebra.GroupWithZero.Action.Pi
✔ [888/1146] Built Mathlib.Order.Interval.Set.OrderEmbedding
✔ [889/1146] Built Mathlib.Order.Preorder.Chain
✔ [890/1146] Built Mathlib.GroupTheory.GroupAction.DomAct.Basic
✔ [891/1146] Built Mathlib.Order.Bounds.OrderIso
✔ [892/1147] Built Mathlib.Algebra.Group.Indicator
✔ [893/1147] Built Mathlib.Order.Interval.Set.OrderIso
✔ [894/1147] Built Mathlib.Data.Finset.Erase
✔ [895/1147] Built Mathlib.Data.Finset.Empty
✔ [896/1148] Built Mathlib.Data.Finset.Attach
✔ [897/1148] Built Mathlib.GroupTheory.Subsemigroup.Center
✔ [898/1148] Built Mathlib.Order.CompleteLattice.Basic
✔ [899/1148] Built Mathlib.Algebra.Ring.CompTypeclasses
✔ [900/1148] Built Mathlib.Data.Fin.Embedding
✔ [901/1148] Built Mathlib.Algebra.Ring.ULift
✔ [902/1148] Built Mathlib.Data.Fin.Rev
✔ [903/1148] Built Mathlib.Data.Finset.Dedup
✔ [904/1148] Built Mathlib.Tactic.NormNum.Ineq
✔ [905/1148] Built Mathlib.Data.Multiset.Fold
✔ [906/1148] Built Mathlib.Data.Multiset.FinsetOps
✔ [907/1148] Built Mathlib.Tactic.Ring.Basic
✔ [908/1149] Built Mathlib.Order.Antichain
✔ [909/1150] Built Mathlib.Algebra.Module.Hom
✔ [910/1150] Built Mathlib.Algebra.GroupWithZero.Center
✔ [911/1156] Built Mathlib.Data.Finset.Filter
✔ [912/1156] Built Mathlib.Algebra.Module.Basic
✔ [913/1156] Built Mathlib.Algebra.Ring.Center
✔ [914/1156] Built Mathlib.Order.CompleteLattice.Lemmas
✔ [915/1156] Built Mathlib.Order.GaloisConnection.Basic
✔ [916/1156] Built Mathlib.Data.Setoid.Basic
✔ [917/1156] Built Mathlib.Algebra.Ring.Pi
✔ [918/1156] Built Mathlib.Algebra.Ring.Prod
✔ [919/1156] Built Mathlib.Algebra.Order.Field.Basic
✔ [920/1156] Built Mathlib.Order.Fin.Basic
✔ [921/1156] Built Mathlib.Tactic.NormNum.DivMod
✔ [922/1156] Built Mathlib.Algebra.Order.BigOperators.Group.Multiset
✔ [923/1156] Built Mathlib.Algebra.Order.Group.Multiset
✔ [924/1156] Built Mathlib.Data.Finset.Lattice.Basic
✔ [925/1156] Built Mathlib.Data.Multiset.Lattice
✔ [926/1156] Built Mathlib.Data.Finset.Insert
✔ [927/1156] Built Mathlib.Tactic.Ring.PNat
✔ [928/1156] Built Mathlib.Tactic.Linarith.Frontend
✔ [929/1156] Built Mathlib.Order.Interval.Set.OrdConnected
✔ [930/1158] Built Mathlib.Algebra.Module.LinearMap.Defs
✔ [931/1159] Built Mathlib.Tactic.Ring.RingNF
✔ [932/1159] Built Mathlib.Algebra.Ring.Centralizer
✔ [933/1159] Built Mathlib.Algebra.Ring.Action.Group
✔ [934/1159] Built Mathlib.Data.Fintype.Defs
✔ [935/1159] Built Mathlib.Algebra.Module.Pi
✔ [936/1159] Built Mathlib.Order.Minimal
✔ [937/1159] Built Mathlib.Order.CompleteBooleanAlgebra
✔ [938/1159] Built Mathlib.Data.Fin.Tuple.Basic
✔ [939/1159] Built Mathlib.Algebra.BigOperators.Group.Multiset.Basic
✔ [940/1159] Built Mathlib.Algebra.Order.CauSeq.Basic
✔ [941/1159] Built Mathlib.Data.Multiset.OrderedMonoid
✔ [942/1159] Built Mathlib.Data.Multiset.Sum
✔ [943/1159] Built Mathlib.Data.Finset.Lattice.Lemmas
✔ [944/1159] Built Mathlib.Data.Finset.Range
✔ [945/1159] Built Mathlib.Data.Finset.Disjoint
✔ [946/1159] Built Mathlib.Order.Interval.Set.Fin
✔ [947/1159] Built Mathlib.Order.Cover
✔ [948/1160] Built Mathlib.Algebra.Module.LinearMap.Basic
✔ [949/1160] Built Mathlib.Algebra.Algebra.Defs
✔ [950/1160] Built Mathlib.Tactic.Ring
✔ [951/1160] Built Mathlib.Data.Set.BooleanAlgebra
✔ [952/1160] Built Mathlib.Algebra.Order.Group.Pointwise.Interval
✔ [953/1160] Built Mathlib.Data.List.OfFn
✔ [954/1160] Built Mathlib.Data.Fin.VecNotation
✔ [955/1163] Built Mathlib.Data.Multiset.Bind
✔ [956/1163] Built Mathlib.Data.Finset.SDiff
✔ [957/1163] Built Mathlib.Algebra.Order.CauSeq.Completion
✔ [958/1163] Built Mathlib.GroupTheory.GroupAction.Defs
✔ [959/1163] Built Mathlib.Data.Set.Sigma
✔ [960/1163] Built Mathlib.Algebra.Module.Equiv.Defs
✔ [961/1163] Built Mathlib.Algebra.Group.Pointwise.Set.ListOfFn
✔ [962/1163] Built Mathlib.Data.Vector.Basic
✔ [963/1163] Built Mathlib.Data.Set.Lattice
✔ [964/1163] Built Mathlib.Data.List.FinRange
✔ [965/1163] Built Mathlib.Data.List.Sort
✔ [966/1165] Built Mathlib.Data.Multiset.Sections
✔ [967/1165] Built Mathlib.Logic.Equiv.Fin.Basic
✔ [968/1165] Built Mathlib.Data.Multiset.Pi
✔ [969/1165] Built Mathlib.Data.Finset.Image
✔ [970/1165] Built Mathlib.Data.Finset.Basic
✔ [971/1165] Built Mathlib.Algebra.Module.Equiv.Opposite
✔ [972/1165] Built Mathlib.Data.Real.Basic
✔ [973/1165] Built Mathlib.Algebra.Module.ULift
✔ [974/1165] Built Mathlib.Data.Set.UnionLift
✔ [975/1165] Built Mathlib.Data.List.Sublists
✔ [976/1165] Built Mathlib.GroupTheory.GroupAction.SubMulAction
✔ [977/1165] Built Mathlib.Data.Sym.Basic
✔ [978/1165] Built Mathlib.Data.Set.Pairwise.Lattice
✔ [979/1165] Built Mathlib.Order.Filter.Basic
✔ [980/1165] Built Mathlib.Data.List.NodupEquivFin
✔ [981/1165] Built Mathlib.Order.ConditionallyCompleteLattice.Basic
✔ [982/1166] Built Mathlib.Data.Multiset.Sort
✔ [983/1166] Built Mathlib.Data.Fintype.OfMap
✔ [984/1166] Built Mathlib.Data.Finset.SymmDiff
✔ [985/1166] Built Mathlib.Order.ModularLattice
✔ [986/1166] Built Mathlib.Data.Finset.BooleanAlgebra
✔ [987/1166] Built Mathlib.Data.Finset.Fold
✔ [988/1166] Built Mathlib.Data.Finset.Card
✔ [989/1168] Built PotionProblem.Basic
✔ [990/1168] Built Mathlib.Data.Multiset.Powerset
✔ [991/1168] Built Mathlib.Data.Set.Lattice.Image
✔ [992/1168] Built Mathlib.Algebra.Module.LinearMap.End
✔ [993/1168] Built Mathlib.Order.ConditionallyCompleteLattice.Indexed
✔ [994/1169] Built Mathlib.Data.Set.Accumulate
✔ [995/1169] Built Mathlib.Order.CompleteLatticeIntervals
✔ [996/1169] Built Mathlib.Data.Finset.Piecewise
✔ [997/1169] Built Mathlib.Data.Finset.Fin
✔ [998/1169] Built Mathlib.Data.Fintype.Sets
✔ [999/1169] Built Mathlib.Data.Finset.Union
✔ [1000/1169] Built Mathlib.Data.Multiset.Antidiagonal
✔ [1001/1169] Built Mathlib.Order.SuccPred.Basic
✔ [1002/1169] Built Mathlib.Data.Finset.Sum
✔ [1003/1169] Built Mathlib.Algebra.Group.Subsemigroup.Basic
✔ [1004/1169] Built Mathlib.Algebra.Group.Action.Pointwise.Set.Basic
✔ [1005/1170] Built Mathlib.Data.Nat.Order.Lemmas
✔ [1006/1170] Built Mathlib.Order.Filter.Map
✔ [1007/1170] Built Mathlib.Order.Hom.CompleteLattice
✔ [1008/1170] Built Mathlib.Algebra.Order.Nonneg.Lattice
✔ [1009/1171] Built Mathlib.Data.Fintype.Basic
✔ [1010/1171] Built Mathlib.Data.Countable.Defs
✔ [1011/1171] Built Mathlib.Data.Finset.Option
✔ [1012/1171] Built Mathlib.Data.Finset.Prod
✔ [1013/1171] Built Mathlib.Data.Finset.Pi
✔ [1014/1171] Built Mathlib.Algebra.BigOperators.Ring.Multiset
✔ [1015/1171] Built Mathlib.Algebra.BigOperators.Group.Finset.Defs
✔ [1016/1171] Built Mathlib.Order.Interval.Set.SuccPred
✔ [1017/1171] Built Mathlib.Order.SuccPred.WithBot
✔ [1018/1171] Built Mathlib.Order.SuccPred.Archimedean
✔ [1019/1171] Built Mathlib.Algebra.Module.Equiv.Basic
✔ [1020/1171] Built Mathlib.Order.Atoms
✔ [1021/1171] Built Mathlib.Algebra.Group.Subsemigroup.Membership
✔ [1022/1176] Built Mathlib.GroupTheory.Subsemigroup.Centralizer
✔ [1023/1176] Built Mathlib.Order.Filter.Tendsto
✔ [1024/1176] Built Mathlib.Algebra.Group.Submonoid.Basic
✔ [1025/1176] Built Mathlib.Data.Finset.Lattice.Fold
✔ [1026/1176] Built Mathlib.Data.Nat.Bits
✔ [1027/1178] Built Mathlib.Algebra.Order.Nonneg.Ring
✔ [1028/1178] Built Mathlib.Data.Nat.Pairing
✔ [1029/1178] Built Mathlib.Data.Fintype.Card
✔ [1030/1178] Built Mathlib.Algebra.Group.Subsemigroup.Operations
✔ [1031/1178] Built Mathlib.Data.Rat.BigOperators
✔ [1032/1178] Built Mathlib.Order.CompleteLattice.Finset
✔ [1033/1178] Built Mathlib.Algebra.Ring.Submonoid.Basic
✔ [1034/1178] Built Mathlib.Algebra.Module.Submodule.Defs
✔ [1035/1178] Built Mathlib.Order.SuccPred.Limit
✔ [1036/1178] Built Mathlib.Algebra.Group.Submonoid.MulOpposite
✔ [1037/1178] Built Mathlib.Order.Closure
✔ [1038/1178] Built Mathlib.Order.Filter.Extr
✔ [1039/1178] Built Mathlib.Algebra.BigOperators.Group.Finset.Basic
✔ [1040/1178] Built Mathlib.Algebra.Group.Submonoid.Operations
✔ [1041/1181] Built Mathlib.Data.Finset.Lattice.Prod
✔ [1042/1181] Built Mathlib.Data.Finset.Lattice.Union
✔ [1043/1181] Built Mathlib.Data.Finset.Max
✔ [1044/1181] Built Mathlib.Logic.Equiv.Nat
✔ [1045/1181] Built Mathlib.Algebra.Order.Nonneg.Field
✔ [1046/1181] Built Mathlib.Data.Finset.Sigma
✔ [1047/1183] Built Mathlib.Data.Fintype.EquivFin
✔ [1048/1183] Built Mathlib.Data.Set.Pairwise.List
✔ [1049/1183] Built Mathlib.Algebra.BigOperators.Option
✔ [1050/1183] Built Mathlib.Algebra.Module.Submodule.LinearMap
✔ [1051/1183] Built Mathlib.Algebra.BigOperators.Group.Finset.Lemmas
✔ [1052/1183] Built Mathlib.Algebra.Order.SuccPred
✔ [1053/1183] Built Mathlib.Data.Finset.NoncommProd
✔ [1054/1184] Built Mathlib.Algebra.BigOperators.GroupWithZero.Finset
✔ [1055/1184] Built Mathlib.Algebra.BigOperators.Group.Finset.Piecewise
✔ [1056/1185] Built Mathlib.GroupTheory.Submonoid.Center
✔ [1057/1185] Built Mathlib.Order.CompleteLattice.Chain
✔ [1058/1185] Built Mathlib.Data.Finset.Powerset
✔ [1059/1185] Built Mathlib.Algebra.Order.Field.Rat
✔ [1060/1185] Built Mathlib.Data.Rat.Cast.Lemmas
✔ [1061/1185] Built Mathlib.Logic.Encodable.Basic
✔ [1062/1185] Built Mathlib.Algebra.Group.Subgroup.Lattice
✔ [1063/1185] Built Mathlib.Algebra.BigOperators.Group.Finset.Sigma
✔ [1064/1185] Built Mathlib.Data.Fintype.Prod
✔ [1065/1185] Built Mathlib.Data.Finset.Sort
✔ [1066/1185] Built Mathlib.Data.Fintype.Option
✔ [1067/1185] Built Mathlib.Data.Fintype.Sum
✔ [1068/1185] Built Mathlib.Data.Set.Finite.Range
✔ [1069/1185] Built Mathlib.Algebra.Group.Submonoid.Membership
✔ [1070/1185] Built Mathlib.Data.Fintype.Sigma
✔ [1071/1185] Built Mathlib.Data.Finset.Order
✔ [1072/1185] Built Mathlib.Data.Finset.Pairwise
✔ [1073/1185] Built Mathlib.Data.Nat.SuccPred
✔ [1074/1188] Built Mathlib.Data.Set.Finite.Basic
✔ [1075/1188] Built Mathlib.Data.Finite.Set
✔ [1076/1188] Built Mathlib.Algebra.Group.Submonoid.BigOperators
✔ [1077/1188] Built Mathlib.GroupTheory.Submonoid.Centralizer
✔ [1078/1188] Built Mathlib.Order.Zorn
✔ [1079/1188] Built Mathlib.Algebra.BigOperators.Pi
✔ [1080/1188] Built Mathlib.Data.Fintype.Powerset
✔ [1081/1188] Built Mathlib.Tactic.NormNum.OfScientific
✔ [1082/1188] Built Mathlib.Logic.Denumerable
✔ [1083/1188] Built Mathlib.Data.Rat.Cast.Order
✔ [1084/1188] Built Mathlib.Algebra.Group.Subgroup.Map
✔ [1085/1188] Built Mathlib.Data.Finite.Sigma
✔ [1086/1188] Built Mathlib.Algebra.Order.BigOperators.Group.Finset
✔ [1087/1189] Built Mathlib.RingTheory.NonUnitalSubsemiring.Basic
✔ [1088/1190] Built Mathlib.Data.List.TFAE
✔ [1089/1190] Built Mathlib.Data.Set.Finite.Powerset
✔ [1090/1190] Built Mathlib.Algebra.GroupWithZero.NonZeroDivisors
✔ [1091/1190] Built Mathlib.Order.SupIndep
✔ [1092/1190] Built Mathlib.Data.Finset.Preimage
✔ [1093/1190] Built Mathlib.Algebra.Group.FiniteSupport
✔ [1094/1190] Built Mathlib.Data.Fintype.Pi
✔ [1095/1190] Built Mathlib.Data.ENat.Basic
✔ [1096/1190] Built Mathlib.Order.Preorder.Finite
✔ [1097/1190] Built Mathlib.Control.Monad.Basic
✔ [1098/1190] Built Mathlib.Data.Finsupp.Defs
✔ [1099/1190] Built Mathlib.Tactic.NormNum
✔ [1100/1190] Built Mathlib.Algebra.Module.Submodule.Basic
✔ [1101/1190] Built Mathlib.Algebra.Module.Submodule.Lattice
✔ [1102/1192] Built Mathlib.Data.DFinsupp.Defs
✔ [1103/1195] Built Mathlib.Dynamics.FixedPoints.Basic
✔ [1104/1195] Built Mathlib.Algebra.Group.Subgroup.Ker
✔ [1105/1195] Built Mathlib.Algebra.BigOperators.Group.Finset.Preimage
✔ [1106/1195] Built Mathlib.Data.Set.Finite.Lattice
✔ [1107/1195] Built Mathlib.Algebra.Ring.Subsemiring.Basic
✔ [1108/1195] Built Mathlib.Tactic.TFAE
✔ [1109/1195] Built Mathlib.Data.Fintype.Vector
✔ [1110/1195] Built Mathlib.Algebra.BigOperators.Group.Finset.Pi
✔ [1111/1197] Built Mathlib.Data.Finite.Prod
✔ [1112/1197] Built Mathlib.Algebra.Group.Finsupp
✔ [1113/1197] Built Mathlib.Tactic.Linarith
✔ [1114/1197] Built Mathlib.Data.Part
✔ [1115/1197] Built Mathlib.Algebra.Module.Submodule.RestrictScalars
✔ [1116/1197] Built Mathlib.Order.Interval.Finset.Defs
✔ [1117/1197] Built Mathlib.Order.ScottContinuity
✔ [1118/1197] Built Mathlib.LinearAlgebra.Span.Defs
✔ [1119/1197] Built Mathlib.Algebra.Module.Submodule.Map
✔ [1120/1197] Built Mathlib.Order.ConditionallyCompleteLattice.Finset
✔ [1121/1197] Built Mathlib.Algebra.Group.Subgroup.Basic
✔ [1122/1197] Built Mathlib.Data.Fintype.BigOperators
✔ [1123/1197] Built Mathlib.Algebra.BigOperators.Ring.Finset
✔ [1124/1197] Built Mathlib.Algebra.Group.Pointwise.Set.Finite
✔ [1125/1197] Built Mathlib.Data.Finset.NAry
✔ [1126/1197] Built Mathlib.Order.Part
✔ [1127/1197] Built Mathlib.Algebra.BigOperators.Finprod
✔ [1128/1197] Built Mathlib.Algebra.Order.Antidiag.Prod
✔ [1129/1197] Built Mathlib.Data.Finsupp.Single
✔ [1130/1197] Built Mathlib.Algebra.Order.Interval.Finset.Basic
✔ [1131/1197] Built Mathlib.Order.Interval.Finset.SuccPred
✔ [1132/1197] Built Mathlib.Algebra.Module.Submodule.Ker
✔ [1133/1197] Built Mathlib.Order.SupClosed
✔ [1134/1197] Built Mathlib.RingTheory.NonUnitalSubring.Basic
✔ [1135/1197] Built Mathlib.Order.Interval.Finset.Basic
✔ [1136/1197] Built Mathlib.Algebra.BigOperators.GroupWithZero.Action
✔ [1137/1197] Built Mathlib.Algebra.Ring.Subring.Basic
✔ [1138/1197] Built Mathlib.Order.OmegaCompletePartialOrder
✔ [1139/1197] Built Mathlib.Data.Finsupp.Ext
✔ [1140/1197] Built Mathlib.Data.Finsupp.SMulWithZero
✔ [1141/1197] Built Mathlib.Data.Finset.NatAntidiagonal
✔ [1142/1197] Built Mathlib.Data.Finsupp.Indicator
✔ [1143/1200] Built Mathlib.Algebra.Module.Submodule.EqLocus
✔ [1144/1200] Built Mathlib.Algebra.Group.Pointwise.Finset.Basic
✔ [1145/1200] Built Mathlib.Algebra.Order.Interval.Finset.SuccPred
✔ [1146/1202] Built Mathlib.Order.Interval.Multiset
✔ [1147/1202] Built Mathlib.Algebra.Module.BigOperators
✔ [1148/1202] Built Mathlib.Algebra.BigOperators.NatAntidiagonal
✔ [1149/1207] Built Mathlib.Algebra.Module.Submodule.Range
✔ [1150/1207] Built Mathlib.GroupTheory.Congruence.Defs
✔ [1151/1210] Built Mathlib.Algebra.Algebra.Basic
✔ [1152/1210] Built Mathlib.Order.Interval.Finset.Nat
✔ [1153/1210] Built Mathlib.Algebra.BigOperators.Finsupp.Basic
✔ [1154/1210] Built Mathlib.GroupTheory.Congruence.Opposite
✔ [1155/1210] Built Mathlib.Algebra.Group.UniqueProds.Basic
✔ [1156/1210] Built Mathlib.Algebra.Module.Submodule.Equiv
✔ [1157/1210] Built Mathlib.RingTheory.Congruence.Defs
✔ [1158/1210] Built Mathlib.GroupTheory.Congruence.Hom
✔ [1159/1210] Built Mathlib.Algebra.Order.BigOperators.Group.LocallyFinite
✔ [1160/1210] Built Mathlib.Data.Nat.Lattice
✔ [1161/1213] Built Mathlib.Algebra.Algebra.Hom
✔ [1162/1213] Built Mathlib.GroupTheory.Congruence.Basic
✔ [1163/1213] Built Mathlib.Algebra.BigOperators.Intervals
✔ [1164/1213] Built Mathlib.Algebra.Order.GroupWithZero.Action.Synonym
✔ [1165/1213] Built Mathlib.Order.OrderIsoNat
✔ [1166/1213] Built Mathlib.Order.Interval.Finset.Fin
✔ [1167/1213] Built Mathlib.RingTheory.Congruence.Basic
✔ [1168/1213] Built Mathlib.Algebra.Algebra.Equiv
✔ [1169/1215] Built Mathlib.Algebra.Algebra.NonUnitalHom
✔ [1170/1216] Built Mathlib.Data.Finsupp.Basic
✔ [1171/1216] Built Mathlib.Data.Nat.Choose.Sum
✔ [1172/1216] Built Mathlib.Algebra.BigOperators.Module
✔ [1173/1216] Built Mathlib.Data.Fintype.Fin
✔ [1174/1216] Built Mathlib.RingTheory.Congruence.Opposite
✔ [1175/1216] Built Mathlib.Algebra.Order.Floor.Defs
✔ [1176/1216] Built Mathlib.Data.Int.LeastGreatest
✔ [1177/1216] Built Mathlib.Order.CompactlyGenerated.Basic
✔ [1178/1216] Built Mathlib.Data.Finsupp.SMul
✔ [1179/1219] Built Mathlib.RingTheory.TwoSidedIdeal.Basic
✔ [1180/1224] Built Mathlib.Util.DischargerAsTactic
✔ [1181/1224] Built Mathlib.Algebra.Order.Module.Defs
✔ [1182/1224] Built Mathlib.LinearAlgebra.Finsupp.Defs
✔ [1183/1228] Built Mathlib.Algebra.BigOperators.Fin
✔ [1184/1228] Built Mathlib.Algebra.Order.Floor.Semiring
✔ [1185/1228] Built Mathlib.LinearAlgebra.Span.Basic
✔ [1186/1230] Built Mathlib.Algebra.Order.Group.Basic
✔ [1187/1230] Built Mathlib.RingTheory.TwoSidedIdeal.Lattice
✔ [1188/1230] Built Mathlib.Tactic.FieldSimp
✔ [1189/1230] Built Mathlib.Algebra.Order.Group.Pointwise.Bounds
✔ [1190/1230] Built Mathlib.Algebra.Order.Module.OrderedSMul
✔ [1191/1230] Built Mathlib.Order.ConditionallyCompleteLattice.Group
✔ [1192/1231] Built Mathlib.Order.Interval.Set.Disjoint
✔ [1193/1231] Built Mathlib.RingTheory.TwoSidedIdeal.Kernel
✔ [1194/1231] Built Mathlib.Algebra.Order.Interval.Set.Group
✔ [1195/1231] Built Mathlib.RingTheory.SimpleRing.Defs
✔ [1196/1234] Built Mathlib.LinearAlgebra.Finsupp.LSum
✔ [1197/1234] Built Mathlib.Algebra.Algebra.Rat
✔ [1198/1234] Built Mathlib.RingTheory.SimpleRing.Basic
✔ [1199/1234] Built Mathlib.LinearAlgebra.Finsupp.Supported
✔ [1200/1234] Built Mathlib.Data.NNRat.Order
✔ [1201/1238] Built Mathlib.Algebra.Order.Floor.Ring
✔ [1202/1238] Built Mathlib.Data.Finset.Density
✔ [1203/1238] Built Mathlib.Algebra.Order.Round
✔ [1204/1238] Built Mathlib.Algebra.Order.BigOperators.Ring.List
✔ [1205/1240] Built Mathlib.Algebra.Order.Nonneg.Floor
✔ [1206/1240] Built Mathlib.Algebra.Algebra.NonUnitalSubalgebra
✔ [1207/1240] Built Mathlib.Algebra.MonoidAlgebra.Defs
✔ [1208/1244] Built Mathlib.Algebra.Order.BigOperators.Ring.Multiset
✔ [1209/1244] Built Mathlib.Algebra.GroupWithZero.Pointwise.Set.Basic
✔ [1210/1245] Built Mathlib.Data.Rat.Floor
✔ [1211/1245] Built Mathlib.Algebra.BigOperators.Expect
✔ [1212/1245] Built Mathlib.Algebra.Order.Module.Field
✔ [1213/1245] Built Mathlib.Algebra.MonoidAlgebra.Support
✔ [1214/1245] Built Mathlib.Algebra.MonoidAlgebra.NoZeroDivisors
✔ [1215/1245] Built Mathlib.Algebra.GroupWithZero.Indicator
✔ [1216/1245] Built Mathlib.Algebra.Order.BigOperators.Ring.Finset
✔ [1217/1245] Built Mathlib.Algebra.GroupWithZero.Action.Pointwise.Set
✔ [1218/1245] Built Mathlib.Algebra.Order.Module.Pointwise
✔ [1219/1247] Built Mathlib.Algebra.Algebra.Subalgebra.Basic
✔ [1220/1247] Built Mathlib.Tactic.Continuity.Init
✔ [1221/1248] Built Mathlib.Tactic.Continuity
✔ [1222/1248] Built Mathlib.Algebra.Order.Archimedean.Basic
✔ [1223/1254] Built Mathlib.Tactic.FunProp.Decl
✔ [1224/1255] Built Mathlib.Tactic.FunProp.Mor
✔ [1225/1259] Built Mathlib.Tactic.FunProp.ToBatteries
✔ [1226/1259] Built Mathlib.Algebra.MonoidAlgebra.Degree
✔ [1227/1259] Built Mathlib.Data.Real.Archimedean
✔ [1228/1259] Built Mathlib.Tactic.FunProp.FunctionData
✔ [1229/1260] Built Mathlib.Data.Real.Pointwise
✔ [1230/1260] Built Mathlib.Algebra.Polynomial.Basic
✔ [1231/1260] Built Mathlib.Tactic.FunProp.Types
✔ [1232/1260] Built Mathlib.Order.Filter.Bases.Basic
✔ [1233/1260] Built Mathlib.Algebra.Polynomial.Degree.Definitions
✔ [1234/1264] Built Mathlib.Algebra.Polynomial.Coeff
✔ [1235/1264] Built Mathlib.Algebra.Polynomial.Monomial
✔ [1236/1267] Built Mathlib.Data.NNReal.Defs
✔ [1237/1267] Built Mathlib.Order.Filter.AtTopBot.Defs
✔ [1238/1267] Built Mathlib.Tactic.FunProp.Theorems
✔ [1239/1267] Built Mathlib.Algebra.Polynomial.Degree.Monomial
✔ [1240/1267] Built Mathlib.Algebra.Polynomial.Eval.Defs
✔ [1241/1267] Built Mathlib.Order.Filter.Prod
✔ [1242/1277] Built Mathlib.Data.NNReal.Basic
✔ [1243/1277] Built Mathlib.Algebra.Polynomial.Degree.Operations
✔ [1244/1277] Built Mathlib.Order.Filter.AtTopBot.Disjoint
✔ [1245/1277] Built Mathlib.Order.Filter.Finite
✔ [1246/1277] Built Mathlib.Tactic.FunProp.Attr
✔ [1247/1277] Built Mathlib.Algebra.Polynomial.Degree.Support
✔ [1248/1277] Built Mathlib.Algebra.Polynomial.Eval.Coeff
✔ [1249/1277] Built Mathlib.Algebra.Polynomial.Degree.Domain
✔ [1250/1277] Built Mathlib.Analysis.Normed.Group.Seminorm
✔ [1251/1278] Built Mathlib.Algebra.Polynomial.Degree.SmallDegree
✔ [1252/1278] Built Mathlib.Tactic.FunProp.Core
✔ [1253/1278] Built Mathlib.Order.Filter.AtTopBot.Tendsto
✔ [1254/1281] Built Mathlib.Data.Set.Constructions
✔ [1255/1281] Built Mathlib.Order.Filter.Lift
✔ [1256/1282] Built Mathlib.Algebra.Polynomial.Degree.Units
✔ [1257/1282] Built Mathlib.Tactic.FunProp.Elab
✔ [1258/1282] Built Mathlib.Data.Set.Finite.Lemmas
✔ [1259/1283] Built Mathlib.Algebra.Polynomial.Degree.TrailingDegree
✔ [1260/1287] Built Mathlib.Tactic.FunProp
✔ [1261/1287] Built Mathlib.Order.Filter.Bases.Finite
✔ [1262/1287] Built Mathlib.Data.Countable.Basic
✔ [1263/1290] Built Mathlib.Order.Filter.AtTopBot.Basic
✔ [1264/1291] Built Mathlib.Logic.Equiv.List
✔ [1265/1291] Built Mathlib.Algebra.Polynomial.Eval.Degree
✔ [1266/1291] Built Mathlib.Topology.Defs.Basic
✔ [1267/1292] Built Mathlib.Order.Filter.Ker
✔ [1268/1292] Built Mathlib.Order.Filter.AtTopBot.Prod
✔ [1269/1294] Built Mathlib.Order.Filter.AtTopBot.Finite
✔ [1270/1294] Built Mathlib.Order.Filter.Curry
✔ [1271/1294] Built Mathlib.Order.Filter.Pi
✔ [1272/1296] Built Mathlib.Data.Set.Countable
✔ [1273/1301] Built Mathlib.Topology.ContinuousMap.Defs
✔ [1274/1304] Built Mathlib.Topology.Defs.Filter
✔ [1275/1309] Built Mathlib.Order.Filter.CountablyGenerated
✔ [1276/1309] Built Mathlib.Order.ZornAtoms
✔ [1277/1309] Built Mathlib.Algebra.Polynomial.Degree.Lemmas
✔ [1278/1309] Built Mathlib.Topology.Basic
✔ [1279/1309] Built Mathlib.Order.Filter.SmallSets
✔ [1280/1309] Built Mathlib.Order.Filter.AtTopBot.CountablyGenerated
✔ [1281/1309] Built Mathlib.Order.Filter.Ultrafilter.Defs
✔ [1282/1309] Built Mathlib.Order.Filter.Cofinite
✔ [1283/1309] Built Mathlib.Topology.Defs.Induced
✔ [1284/1313] Built Mathlib.Algebra.Polynomial.EraseLead
✔ [1285/1313] Built Mathlib.Topology.Closure
✔ [1286/1313] Built Mathlib.Topology.Defs.Ultrafilter
✔ [1287/1314] Built Mathlib.Order.Filter.Ultrafilter.Basic
✔ [1288/1324] Built Mathlib.Topology.Bornology.Basic
✔ [1289/1327] Built Mathlib.Topology.Neighborhoods
✔ [1290/1327] Built Mathlib.Algebra.Polynomial.Reverse
✔ [1291/1327] Built Mathlib.Tactic.Finiteness
✔ [1292/1332] Built Mathlib.Topology.NhdsSet
✔ [1293/1332] Built Mathlib.Topology.ClusterPt
✔ [1294/1332] Built Mathlib.Algebra.Polynomial.Monic
✔ [1295/1333] Built Mathlib.Tactic.Monotonicity.Basic
✔ [1296/1336] Built Mathlib.Topology.Continuous
✔ [1297/1338] Built Mathlib.Data.ENNReal.Basic
✔ [1298/1338] Built Mathlib.Order.SuccPred.Relation
✔ [1299/1338] Built Mathlib.Order.UpperLower.Basic
✔ [1300/1338] Built Mathlib.Topology.Separation.SeparatedNhds
✔ [1301/1340] Built Mathlib.Topology.Ultrafilter
✔ [1302/1340] Built Mathlib.Order.Filter.CountableInter
✔ [1303/1340] Built Mathlib.Topology.Order
✔ [1304/1345] Built Mathlib.Order.UpperLower.Fibration
✔ [1305/1345] Built Mathlib.Data.ENNReal.Real
✔ [1306/1348] Built Mathlib.Data.Set.Functor
✔ [1307/1352] Built Mathlib.Order.UpperLower.CompleteLattice
✔ [1308/1352] Built Mathlib.Topology.UniformSpace.Defs
✔ [1309/1352] Built Mathlib.Topology.Maps.Basic
✔ [1310/1352] Built Mathlib.Data.Rel
✔ [1311/1352] Built Mathlib.Data.Set.BoolIndicator
✔ [1312/1355] Built Mathlib.Order.UpperLower.Principal
✔ [1313/1355] Built Mathlib.Data.Set.Subset
✔ [1314/1357] Built Mathlib.Topology.UniformSpace.OfFun
✔ [1315/1359] Built Mathlib.Topology.Maps.OpenQuotient
✔ [1316/1361] Built Mathlib.Topology.Homeomorph.Defs
✔ [1317/1361] Built Mathlib.Topology.Bornology.Constructions
✔ [1318/1361] Built Mathlib.Order.UpperLower.Closure
✔ [1319/1364] Built Mathlib.Algebra.Ring.Pointwise.Set
✔ [1320/1364] Built Mathlib.Data.ENNReal.Operations
✔ [1321/1366] Built Mathlib.Order.Filter.AtTopBot.CompleteLattice
✔ [1322/1366] Built Mathlib.Order.Filter.AtTopBot.Map
✔ [1323/1367] Built Mathlib.Order.Filter.AtTopBot.Monoid
✔ [1324/1368] Built Mathlib.Topology.Constructions.SumProd
✔ [1325/1368] Built Mathlib.Order.Interval.Set.Pi
✔ [1326/1374] Built Mathlib.Order.Filter.Interval
✔ [1327/1375] Built Mathlib.Order.OrdContinuous
✔ [1328/1381] Built Mathlib.Order.Filter.AtTopBot.Group
✔ [1329/1387] Built Mathlib.Data.ENNReal.Inv
✔ [1330/1394] Built Mathlib.Data.ENNReal.Lemmas
✔ [1331/1396] Built Mathlib.Order.Interval.Set.OrdConnectedComponent
✔ [1332/1397] Built Mathlib.Order.Filter.AtTopBot.Ring
✔ [1333/1397] Built Mathlib.Topology.Constructions
✔ [1334/1403] Built Mathlib.Order.Filter.NAry
✔ [1335/1403] Built Mathlib.Algebra.AddTorsor.Defs
✔ [1336/1403] Built Mathlib.Order.Filter.AtTopBot.Field
✔ [1337/1403] Built Mathlib.Data.EReal.Basic
✔ [1338/1403] Built Mathlib.Algebra.Group.Pointwise.Set.Lattice
✔ [1339/1405] Built Mathlib.Topology.Algebra.Monoid.Defs
✔ [1340/1406] Built Mathlib.Algebra.Group.Subgroup.MulOpposite
✔ [1341/1407] Built Mathlib.Topology.ContinuousOn
✔ [1342/1410] Built Mathlib.Algebra.Group.Subgroup.MulOppositeLemmas
✔ [1343/1410] Built Mathlib.Data.Sigma.Lex
✔ [1344/1410] Built Mathlib.Order.Filter.Pointwise
✔ [1345/1410] Built Mathlib.Data.Prod.Lex
✔ [1346/1411] Built Mathlib.Order.WellQuasiOrder
✔ [1347/1411] Built Mathlib.Topology.Order.LeftRight
✔ [1348/1411] Built Mathlib.Data.EReal.Operations
✔ [1349/1411] Built Mathlib.Topology.Clopen
✔ [1350/1411] Built Mathlib.Topology.Inseparable
✔ [1351/1411] Built Mathlib.Topology.Piecewise
✔ [1352/1411] Built Mathlib.Topology.LocallyFinite
✔ [1353/1411] Built Mathlib.Topology.UniformSpace.Basic
✔ [1354/1411] Built Mathlib.Topology.Bases
✔ [1355/1415] Built Mathlib.Algebra.Group.Subgroup.ZPowers.Basic
✔ [1356/1415] Built Mathlib.Topology.Irreducible
✔ [1357/1416] Built Mathlib.Topology.UniformSpace.DiscreteUniformity
✔ [1358/1420] Built Mathlib.Topology.Compactness.Compact
✔ [1359/1420] Built Mathlib.Order.WellFoundedSet
✔ [1360/1422] Built Mathlib.GroupTheory.Subgroup.Center
✔ [1361/1424] Built Mathlib.Topology.Algebra.Group.Defs
✔ [1362/1424] Built Mathlib.Topology.EMetricSpace.Defs
✔ [1363/1424] Built Mathlib.Topology.Connected.Basic
✔ [1364/1425] Built Mathlib.Topology.Compactness.LocallyFinite
✔ [1365/1425] Built Mathlib.Topology.UniformSpace.Compact
✔ [1366/1425] Built Mathlib.Topology.Compactness.LocallyCompact
✔ [1367/1425] Built Mathlib.GroupTheory.Subgroup.Centralizer
✔ [1368/1425] Built Mathlib.Algebra.Group.Submonoid.Pointwise
✔ [1369/1425] Built Mathlib.Topology.Order.LocalExtr
✔ [1370/1425] Built Mathlib.Topology.Connected.Clopen
✔ [1371/1425] Built Mathlib.Topology.Connected.LocallyConnected
✔ [1372/1425] Built Mathlib.Topology.Compactness.SigmaCompact
✔ [1373/1426] Built Mathlib.Topology.MetricSpace.Pseudo.Defs
✔ [1374/1426] Built Mathlib.GroupTheory.GroupAction.ConjAct
✔ [1375/1426] Built Mathlib.Topology.Connected.TotallyDisconnected
✔ [1376/1427] Built Mathlib.Algebra.Group.Submonoid.Units
✔ [1377/1433] Built Mathlib.Topology.Separation.Basic
✔ [1378/1434] Built Mathlib.Topology.Compactness.Lindelof
✔ [1379/1439] Built Mathlib.Topology.MetricSpace.Defs
✔ [1380/1441] Built Mathlib.Topology.Order.Bornology
✔ [1381/1441] Built Mathlib.Tactic.Order.CollectFacts
✔ [1382/1444] Built Mathlib.Topology.Separation.Hausdorff
✔ [1383/1444] Built Mathlib.Tactic.Order.Graph.Basic
✔ [1384/1446] Built Mathlib.Data.Int.ConditionallyCompleteOrder
✔ [1385/1446] Built Mathlib.Algebra.Group.Subgroup.Pointwise
✔ [1386/1446] Built Mathlib.Data.Int.Interval
✔ [1387/1446] Built Mathlib.Tactic.Order.Preprocessing
✔ [1388/1447] Built Mathlib.Data.Fintype.Pigeonhole
✔ [1389/1447] Built Mathlib.Topology.Separation.Regular
✔ [1390/1450] Built Mathlib.Tactic.Order.Graph.Tarjan
✔ [1391/1450] Built Mathlib.Topology.Algebra.Support
✔ [1392/1450] Built Mathlib.Topology.DenseEmbedding
✔ [1393/1450] Built Mathlib.Order.Filter.AtTopBot.Archimedean
✔ [1394/1450] Built Mathlib.Order.SuccPred.LinearLocallyFinite
✔ [1395/1452] Built Mathlib.Topology.Order.OrderClosed
✔ [1396/1452] Built Mathlib.Topology.UniformSpace.Separation
✔ [1397/1456] Built Mathlib.Tactic.Order
✔ [1398/1459] Built Mathlib.Topology.Defs.Sequences
✔ [1399/1464] Built Mathlib.Topology.ContinuousMap.Basic
✔ [1400/1465] Built Mathlib.Topology.Coherent
✔ [1401/1465] Built Mathlib.Topology.Homeomorph.Lemmas
✔ [1402/1470] Built Mathlib.Algebra.Group.Subgroup.ZPowers.Lemmas
✔ [1403/1471] Built Mathlib.Algebra.Group.Subgroup.Actions
✔ [1404/1475] Built Mathlib.Topology.Algebra.Constructions
✔ [1405/1475] Built Mathlib.Algebra.Group.Commutator
✔ [1406/1475] Built Mathlib.Data.List.Lemmas
✔ [1407/1476] Built Mathlib.Topology.Order.Basic
✔ [1408/1476] Built Mathlib.Algebra.Quotient
✔ [1409/1476] Built Mathlib.Topology.Instances.Discrete
✔ [1410/1476] Built Mathlib.Data.List.Permutation
✔ [1411/1477] Built Mathlib.Topology.UniformSpace.Cauchy
✔ [1412/1477] Built Mathlib.Topology.Order.T5
✔ [1413/1477] Built Mathlib.Algebra.Group.Fin.Basic
✔ [1414/1477] Built Mathlib.GroupTheory.Coset.Defs
✔ [1415/1477] Built Mathlib.Data.Fintype.List
✔ [1416/1477] Built Mathlib.Topology.Algebra.ConstMulAction
✔ [1417/1480] Built Mathlib.Topology.Sequences
✔ [1418/1480] Built Mathlib.Topology.Order.Real
✔ [1419/1480] Built Mathlib.Topology.UniformSpace.UniformEmbedding
✔ [1420/1480] Built Mathlib.Topology.UniformSpace.UniformConvergence
✔ [1421/1480] Built Mathlib.Topology.Order.LeftRightNhds
✔ [1422/1480] Built Mathlib.Data.List.Cycle
✔ [1423/1480] Built Mathlib.GroupTheory.QuotientGroup.Defs
✔ [1424/1480] Built Mathlib.Topology.UniformSpace.CompleteSeparated
✔ [1425/1480] Built Mathlib.GroupTheory.Coset.Basic
✔ [1426/1480] Built Mathlib.Data.Nat.GCD.Basic
✔ [1427/1480] Built Mathlib.Topology.Algebra.MulAction
✔ [1428/1480] Built Mathlib.Topology.UniformSpace.Pi
✔ [1429/1480] Built Mathlib.Topology.UniformSpace.LocallyUniformConvergence
✔ [1430/1480] Built Mathlib.Topology.MetricSpace.Pseudo.Constructions
✔ [1431/1480] Built Mathlib.Topology.Order.MonotoneContinuity
✔ [1432/1483] Built Mathlib.Dynamics.PeriodicPts.Defs
✔ [1433/1483] Built Mathlib.Topology.Algebra.Order.Group
✔ [1434/1483] Built Mathlib.Topology.Order.IsLUB
✔ [1435/1483] Built Mathlib.GroupTheory.Commutator.Basic
✔ [1436/1483] Built Mathlib.Data.Nat.ModEq
✔ [1437/1483] Built Mathlib.Topology.UniformSpace.UniformApproximation
✔ [1438/1483] Built Mathlib.Topology.UniformSpace.Equiv
✔ [1439/1483] Built Mathlib.Topology.EMetricSpace.Basic
✔ [1440/1483] Built Mathlib.Topology.Order.Monotone
✔ [1441/1487] Built Mathlib.Algebra.Order.Hom.Monoid
✔ [1442/1487] Built Mathlib.Topology.Algebra.Monoid
✔ [1443/1487] Built Mathlib.Data.ZMod.Defs
✔ [1444/1487] Built Mathlib.Topology.EMetricSpace.Pi
✔ [1445/1487] Built Mathlib.Topology.Order.DenselyOrdered
✔ [1446/1488] Built Mathlib.Logic.Small.Defs
✔ [1447/1488] Built Mathlib.Topology.MetricSpace.Pseudo.Basic
✔ [1448/1488] Built Mathlib.Algebra.Order.Hom.MonoidWithZero
✔ [1449/1488] Built Mathlib.Topology.UniformSpace.UniformConvergenceTopology
✔ [1450/1488] Built Mathlib.Topology.EMetricSpace.Diam
✔ [1451/1488] Built Mathlib.Topology.Algebra.GroupWithZero
✔ [1452/1488] Built Mathlib.Topology.MetricSpace.Pseudo.Pi
✔ [1453/1488] Built Mathlib.Logic.Small.Basic
✔ [1454/1489] Built Mathlib.Topology.MetricSpace.Pseudo.Lemmas
✔ [1455/1489] Built Mathlib.Logic.UnivLE
✔ [1456/1489] Built Mathlib.Algebra.Order.Hom.Ring
✔ [1457/1491] Built Mathlib.Topology.UniformSpace.Equicontinuity
✔ [1458/1491] Built Mathlib.Logic.Small.Set
✔ [1459/1491] Built Mathlib.Topology.Order.IntermediateValue
✔ [1460/1491] Built Mathlib.Data.Countable.Small
✔ [1461/1492] Built Mathlib.Topology.MetricSpace.Basic
✔ [1462/1492] Built Mathlib.Topology.MetricSpace.ProperSpace
✔ [1463/1493] Built Mathlib.Topology.MetricSpace.Cauchy
✔ [1464/1493] Built Mathlib.Topology.UniformSpace.HeineCantor
✔ [1465/1493] Built Mathlib.Topology.Algebra.Group.Basic
✔ [1466/1493] Built Mathlib.Order.SuccPred.CompleteLinearOrder
✔ [1467/1493] Built Mathlib.Topology.Metrizable.Basic
✔ [1468/1504] Built Mathlib.Topology.Order.Compact
✔ [1469/1504] Built Mathlib.Data.Sum.Order
✔ [1470/1504] Built Mathlib.SetTheory.Cardinal.Defs
✔ [1471/1504] Built Mathlib.Topology.UniformSpace.Real
✔ [1472/1504] Built Mathlib.Topology.Algebra.Group.GroupTopology
✔ [1473/1506] Built Mathlib.Order.Hom.Order
✔ [1474/1506] Built Mathlib.Topology.Metrizable.Uniformity
✔ [1475/1506] Built Mathlib.Topology.MetricSpace.Bounded
✔ [1476/1506] Built Mathlib.GroupTheory.GroupAction.Basic
✔ [1477/1506] Built Mathlib.Order.Hom.Lex
✔ [1478/1509] Built Mathlib.Topology.Algebra.IsUniformGroup.Defs
✔ [1479/1509] Built Mathlib.Analysis.Normed.Group.Basic
✔ [1480/1509] Built Mathlib.Order.FixedPoints
✔ [1481/1509] Built Mathlib.Topology.Algebra.Ring.Basic
✔ [1482/1509] Built Mathlib.Topology.Algebra.Group.Pointwise
✔ [1483/1509] Built Mathlib.Topology.Bornology.Real
✔ [1484/1509] Built Mathlib.Topology.Instances.Int
✔ [1485/1509] Built Mathlib.Tactic.TautoSet
✔ [1486/1509] Built Mathlib.Analysis.Normed.Group.Submodule
✔ [1487/1509] Built Mathlib.Analysis.Normed.Group.Subgroup
✔ [1488/1509] Built Mathlib.Order.InitialSeg
✔ [1489/1511] Built Mathlib.SetTheory.Cardinal.SchroederBernstein
✔ [1490/1512] Built Mathlib.Analysis.Normed.Group.Constructions
✔ [1491/1512] Built Mathlib.Topology.DiscreteSubset
✔ [1492/1513] Built Mathlib.Topology.Algebra.Field
✔ [1493/1516] Built Mathlib.Data.Finsupp.Option
✔ [1494/1518] Built Mathlib.SetTheory.Cardinal.Order
✔ [1495/1518] Built Mathlib.Algebra.Group.Fin.Tuple
✔ [1496/1518] Built Mathlib.Algebra.Algebra.Prod
✔ [1497/1519] Built Mathlib.Algebra.Group.Graph
✔ [1498/1519] Built Mathlib.Topology.Algebra.Order.Field
✔ [1499/1519] Built Mathlib.LinearAlgebra.Finsupp.LinearCombination
✔ [1500/1519] Built Mathlib.LinearAlgebra.Quotient.Defs
✔ [1501/1521] Built Mathlib.Topology.Algebra.ContinuousMonoidHom
✔ [1502/1521] Built Mathlib.Analysis.Normed.Ring.Basic
✔ [1503/1524] Built Mathlib.Topology.Algebra.Ring.Real
✔ [1504/1524] Built Mathlib.SetTheory.Cardinal.Basic
✔ [1505/1524] Built Mathlib.GroupTheory.QuotientGroup.Basic
✔ [1506/1524] Built Mathlib.Order.Sublattice
✔ [1507/1529] Built Mathlib.LinearAlgebra.GeneralLinearGroup
✔ [1508/1529] Built Mathlib.Analysis.Normed.Field.Basic
✔ [1509/1529] Built Mathlib.LinearAlgebra.Prod
✔ [1510/1532] Built Mathlib.Algebra.GroupWithZero.Idempotent
✔ [1511/1532] Built Mathlib.Analysis.Normed.Group.Continuity
✔ [1512/1532] Built Mathlib.SetTheory.Cardinal.ENat
✔ [1513/1532] Built Mathlib.Algebra.Module.Submodule.Invariant
✔ [1514/1533] Built Mathlib.Algebra.Ring.Idempotent
✔ [1515/1534] Built Mathlib.Topology.UniformSpace.AbstractCompletion
✔ [1516/1535] Built Mathlib.Analysis.Normed.Group.Bounded
✔ [1517/1535] Built Mathlib.SetTheory.Cardinal.ToNat
✔ [1518/1535] Built Mathlib.Order.Interval.Set.ProjIcc
✔ [1519/1535] Built Mathlib.LinearAlgebra.Pi
✔ [1520/1535] Built Mathlib.Topology.UniformSpace.Completion
✔ [1521/1540] Built Mathlib.Topology.Bornology.Hom
✔ [1522/1540] Built Mathlib.SetTheory.Cardinal.Finite
✔ [1523/1545] Built Mathlib.Topology.EMetricSpace.Lipschitz
✔ [1524/1545] Built Mathlib.Topology.Algebra.UniformMulAction
✔ [1525/1545] Built Mathlib.Analysis.Asymptotics.Defs
✔ [1526/1545] Built Mathlib.Order.Interval.Set.Monotone
✔ [1527/1545] Built Mathlib.Data.Fintype.Lattice
✔ [1528/1547] Built Mathlib.Topology.MetricSpace.Antilipschitz
✔ [1529/1547] Built Mathlib.Topology.Filter
✔ [1530/1547] Built Mathlib.GroupTheory.Coset.Card
✔ [1531/1548] Built Mathlib.Logic.Encodable.Lattice
✔ [1532/1548] Built Mathlib.Order.Filter.AtTopBot.Finset
✔ [1533/1548] Built Mathlib.Topology.Maps.Proper.Basic
✔ [1534/1553] Built Mathlib.Algebra.BigOperators.Group.Finset.Indicator
✔ [1535/1555] Built Mathlib.Topology.MetricSpace.Isometry
✔ [1536/1555] Built Mathlib.LinearAlgebra.Quotient.Basic
✔ [1537/1555] Built Mathlib.Order.Filter.AtTopBot.BigOperators
✔ [1538/1555] Built Mathlib.Topology.MetricSpace.Lipschitz
✔ [1539/1555] Built Mathlib.Topology.Order.MonotoneConvergence
✔ [1540/1563] Built Mathlib.GroupTheory.GroupAction.Quotient
✔ [1541/1563] Built Mathlib.Topology.Algebra.InfiniteSum.Defs
✔ [1542/1565] Built Mathlib.Algebra.Ring.Aut
✔ [1543/1566] Built Mathlib.Topology.Algebra.Group.Quotient
✔ [1544/1566] Built Mathlib.Algebra.Star.Basic
✔ [1545/1566] Built Mathlib.Topology.Algebra.InfiniteSum.Basic
✔ [1546/1566] Built Mathlib.Algebra.BigOperators.WithTop
✔ [1547/1566] Built Mathlib.Topology.MetricSpace.IsometricSMul
✔ [1548/1569] Built Mathlib.Tactic.Bound
✔ [1549/1569] Built Mathlib.Topology.Algebra.Module.Basic
✔ [1550/1569] Built Mathlib.Algebra.Star.Prod
✔ [1551/1570] Built Mathlib.Algebra.Star.Pi
✔ [1552/1570] Built Mathlib.LinearAlgebra.Projection
✔ [1553/1570] Built Mathlib.Data.ENNReal.BigOperators
✔ [1554/1574] Built Mathlib.Topology.MetricSpace.Pseudo.Real
✔ [1555/1574] Built Mathlib.Order.Filter.IsBounded
✔ [1556/1574] Built Mathlib.Topology.Algebra.InfiniteSum.Group
✔ [1557/1576] Built Mathlib.Topology.Algebra.Star
✔ [1558/1576] Built Mathlib.Data.Rat.Encodable
✔ [1559/1577] Built Mathlib.Topology.Algebra.IsUniformGroup.Basic
✔ [1560/1577] Built Mathlib.Data.ENNReal.Action
✔ [1561/1577] Built Mathlib.Topology.Algebra.InfiniteSum.NatInt
✔ [1562/1577] Built Mathlib.Order.LiminfLimsup
✔ [1563/1582] Built Mathlib.Topology.MetricSpace.ProperSpace.Real
✔ [1564/1582] Built Mathlib.Topology.Compactness.Bases
✔ [1565/1582] Built Mathlib.Logic.Equiv.PartialEquiv
✔ [1566/1586] Built Mathlib.Topology.Algebra.InfiniteSum.Order
✔ [1567/1586] Built Mathlib.Topology.Order.LiminfLimsup
✔ [1568/1587] Built Mathlib.Topology.Algebra.InfiniteSum.Constructions
✔ [1569/1588] Built Mathlib.Algebra.Group.TransferInstance
✔ [1570/1588] Built Mathlib.Order.Copy
✔ [1571/1589] Built Mathlib.Algebra.Group.TypeTags.Finite
✔ [1572/1589] Built Mathlib.Algebra.Ring.Regular
✔ [1573/1589] Built Mathlib.Algebra.Order.GroupWithZero.Finset
✔ [1574/1589] Built Mathlib.Analysis.Normed.Group.Int
✔ [1575/1592] Built Mathlib.Topology.Algebra.InfiniteSum.Ring
✔ [1576/1593] Built Mathlib.Data.Finite.Card
✔ [1577/1593] Built Mathlib.Topology.Sets.Opens
✔ [1578/1593] Built Mathlib.Topology.Instances.NNReal.Lemmas
✔ [1579/1595] Built Mathlib.Algebra.Group.AddChar
✔ [1580/1595] Built Mathlib.Algebra.Order.Group.Action
✔ [1581/1595] Built Mathlib.Topology.Algebra.Module.LinearMap
✔ [1582/1595] Built Mathlib.Data.Int.ModEq
✔ [1583/1595] Built Mathlib.Algebra.Group.Subgroup.Finite
✔ [1584/1599] Built Mathlib.Data.Nat.Prime.Basic
✔ [1585/1599] Built Mathlib.Algebra.GroupWithZero.Submonoid.Pointwise
✔ [1586/1600] Built Mathlib.Topology.PartialHomeomorph
✔ [1587/1600] Built Mathlib.Topology.Algebra.SeparationQuotient.Basic
✔ [1588/1600] Built Mathlib.Dynamics.PeriodicPts.Lemmas
✔ [1589/1600] Built Mathlib.Algebra.IsPrimePow
✔ [1590/1605] Built Mathlib.Algebra.GroupWithZero.Subgroup
✔ [1591/1607] Built Mathlib.Topology.Instances.ENNReal.Lemmas
✔ [1592/1610] Built Mathlib.Data.List.Prime
✔ [1593/1610] Built Mathlib.Data.Nat.Prime.Infinite
✔ [1594/1610] Built Mathlib.Order.Interval.Set.Infinite
✔ [1595/1610] Built Mathlib.Data.Set.Card
✔ [1596/1612] Built Mathlib.Topology.MetricSpace.Algebra
✔ [1597/1612] Built Mathlib.Topology.Algebra.InfiniteSum.Real
✔ [1598/1612] Built Mathlib.Data.Nat.Factors
✔ [1599/1612] Built Mathlib.Topology.MetricSpace.Dilation
✔ [1600/1612] Built Mathlib.Algebra.Algebra.Opposite
✔ [1601/1615] Built Mathlib.Analysis.Normed.MulAction
✔ [1602/1615] Built Mathlib.Algebra.Algebra.Pi
✔ [1603/1615] Built Mathlib.Data.Nat.PrimeFin
✔ [1604/1615] Built Mathlib.GroupTheory.Index
✔ [1605/1621] Built Mathlib.Algebra.Module.Rat
✔ [1606/1624] Built Mathlib.Analysis.Normed.Group.Uniform
✔ [1607/1624] Built Mathlib.Algebra.Algebra.Tower
✔ [1608/1624] Built Mathlib.Algebra.Group.Subgroup.Order
✔ [1609/1626] Built Mathlib.Topology.Instances.Nat
✔ [1610/1626] Built Mathlib.Topology.MetricSpace.DilationEquiv
✔ [1611/1626] Built Mathlib.Analysis.Normed.Group.InfiniteSum
✔ [1612/1628] Built Mathlib.Algebra.Algebra.RestrictScalars
✔ [1613/1628] Built Mathlib.GroupTheory.Archimedean
✔ [1614/1628] Built Mathlib.Topology.Order.Lattice
✔ [1615/1628] Built Mathlib.Algebra.Group.NatPowAssoc
✔ [1616/1628] Built Mathlib.Topology.Algebra.Order.Archimedean
✔ [1617/1630] Built Mathlib.Topology.Instances.Rat
✔ [1618/1633] Built Mathlib.NumberTheory.Divisors
✔ [1619/1634] Built Mathlib.Analysis.Normed.Group.Rat
✔ [1620/1634] Built Mathlib.Algebra.GeomSum
✔ [1621/1635] Built Mathlib.Analysis.Asymptotics.Lemmas
✔ [1622/1635] Built Mathlib.Tactic.SuppressCompilation
✔ [1623/1636] Built Mathlib.Algebra.Group.Pointwise.Set.BigOperators
✔ [1624/1637] Built Mathlib.Analysis.Normed.Order.Lattice
✔ [1625/1637] Built Mathlib.Algebra.Ring.NonZeroDivisors
✔ [1626/1643] Built Mathlib.Algebra.Ring.Submonoid.Pointwise
✔ [1627/1643] Built Mathlib.Algebra.Module.Submodule.Pointwise
✔ [1628/1649] Built Mathlib.Algebra.Order.Kleene
✔ [1629/1652] Built Mathlib.GroupTheory.GroupAction.SubMulAction.Pointwise
✔ [1630/1654] Built Mathlib.LinearAlgebra.BilinearMap
✔ [1631/1654] Built Mathlib.Data.Nat.Cast.Order.Field
✔ [1632/1654] Built Mathlib.Tactic.ProxyType
✔ [1633/1654] Built Mathlib.Data.Set.Semiring
✔ [1634/1654] Built Mathlib.Data.Nat.Choose.Bounds
✔ [1635/1659] Built Mathlib.Algebra.Module.Submodule.Bilinear
✔ [1636/1659] Built Mathlib.Order.Filter.AtTopBot.ModEq
✔ [1637/1659] Built Mathlib.Algebra.Polynomial.Eval.Algebra
✔ [1638/1659] Built Mathlib.Tactic.DeriveFintype
✔ [1639/1659] Built Mathlib.Topology.Semicontinuous
✔ [1640/1662] Built Mathlib.Tactic.NoncommRing
✔ [1641/1662] Built Mathlib.GroupTheory.OrderOfElement
✔ [1642/1662] Built Mathlib.Order.Filter.AtTopBot.Floor
✔ [1643/1662] Built Mathlib.RingTheory.Polynomial.Pochhammer
✔ [1644/1662] Built Mathlib.Data.Sign.Defs
✔ [1645/1664] Built Mathlib.Topology.Algebra.Order.Floor
✔ [1646/1664] Built Mathlib.Data.Sign.Basic
✔ [1647/1665] Built Mathlib.Analysis.Normed.Ring.Lemmas
✔ [1648/1668] Built Mathlib.Algebra.Algebra.Field
✔ [1649/1668] Built Mathlib.Algebra.BigOperators.Balance
✔ [1650/1668] Built Mathlib.Analysis.Normed.Field.Lemmas
✔ [1651/1668] Built Mathlib.Analysis.Normed.Ring.InfiniteSum
✔ [1652/1669] Built Mathlib.Data.EReal.Inv
✔ [1653/1669] Built Mathlib.Algebra.Order.Module.Basic
✔ [1654/1669] Built Mathlib.Data.NNRat.Lemmas
✔ [1655/1673] Built Mathlib.Algebra.Order.Group.Opposite
✔ [1656/1673] Built Mathlib.Algebra.Order.Module.Rat
✔ [1657/1674] Built Mathlib.Topology.Instances.EReal.Lemmas
✔ [1658/1676] Built Mathlib.Algebra.Field.Opposite
✔ [1659/1676] Built Mathlib.Algebra.Star.StarRingHom
✔ [1660/1677] Built Mathlib.Tactic.ContinuousFunctionalCalculus
✔ [1661/1677] Built Mathlib.Algebra.Order.BigOperators.Expect
✔ [1662/1678] Built Mathlib.Analysis.Normed.Module.Basic
✔ [1663/1681] Built Mathlib.Algebra.Star.Rat
✔ [1664/1681] Built Mathlib.Algebra.Star.SelfAdjoint
✔ [1665/1682] Built Mathlib.Data.DFinsupp.Ext
✔ [1666/1682] Built Mathlib.LinearAlgebra.TensorProduct.Basic
✔ [1667/1685] Built Mathlib.Analysis.Normed.Group.Hom
✔ [1668/1686] Built Mathlib.LinearAlgebra.Basis.Defs
✔ [1669/1687] Built Mathlib.Algebra.Star.StarProjection
✔ [1670/1687] Built Mathlib.Data.DFinsupp.Module
✔ [1671/1688] Built Mathlib.Data.List.Pi
✔ [1672/1688] Built Mathlib.LinearAlgebra.Finsupp.SumProd
✔ [1673/1688] Built Mathlib.Algebra.Algebra.Bilinear
✔ [1674/1690] Built Mathlib.Data.Finsupp.ToDFinsupp
✔ [1675/1691] Built Mathlib.Data.DFinsupp.BigOperators
✔ [1676/1692] Built Mathlib.Algebra.Order.Star.Basic
✔ [1677/1692] Built Mathlib.Data.Fin.Tuple.Reflection
✔ [1678/1692] Built Mathlib.Data.Fintype.Quotient
✔ [1679/1692] Built Mathlib.Data.DFinsupp.Submonoid
✔ [1680/1693] Built Mathlib.Logic.Equiv.Fin.Rotate
✔ [1681/1695] Built Mathlib.Tactic.FinCases
✔ [1682/1698] Built Mathlib.Tactic.LinearCombination.Lemmas
✔ [1683/1698] Built Mathlib.Data.DFinsupp.Sigma
✔ [1684/1701] Built Mathlib.LinearAlgebra.LinearIndependent.Defs
✔ [1685/1703] Built Mathlib.Tactic.Ring.Compare
✔ [1686/1703] Built Mathlib.Algebra.Algebra.Operations
✔ [1687/1703] Built Mathlib.Topology.Algebra.Module.LinearMapPiProd
✔ [1688/1704] Built Mathlib.Algebra.Module.LinearMap.Star
✔ [1689/1708] Built Mathlib.Tactic.LinearCombination
✔ [1690/1708] Built Mathlib.LinearAlgebra.LinearIndependent.Basic
✔ [1691/1708] Built Mathlib.Algebra.Algebra.Subalgebra.Lattice
✔ [1692/1708] Built Mathlib.Algebra.Star.StarAlgHom
✔ [1693/1708] Built Mathlib.Tactic.Module
✔ [1694/1708] Built Mathlib.Algebra.Star.Pointwise
✔ [1695/1708] Built Mathlib.Algebra.Star.Module
✔ [1696/1710] Built Mathlib.Algebra.Star.Center
✔ [1697/1710] Built Mathlib.RingTheory.Coprime.Basic
✔ [1698/1711] Built Mathlib.Topology.Algebra.Algebra
✔ [1699/1711] Built Mathlib.Algebra.Field.IsField
✔ [1700/1711] Built Mathlib.RingTheory.Coprime.Lemmas
✔ [1701/1717] Built Mathlib.Topology.Algebra.Module.Equiv
✔ [1702/1720] Built Mathlib.RingTheory.Ideal.Defs
✔ [1703/1723] Built Mathlib.LinearAlgebra.LinearIndependent.Lemmas
✔ [1704/1724] Built Mathlib.RingTheory.Ideal.Lattice
✔ [1705/1726] Built Mathlib.RingTheory.Nilpotent.Defs
✔ [1706/1727] Built Mathlib.Data.Real.Star
✔ [1707/1727] Built Mathlib.Analysis.SpecificLimits.Basic
✔ [1708/1727] Built Mathlib.RingTheory.Ideal.Prime
✔ [1709/1728] Built Mathlib.RingTheory.Ideal.Span
✔ [1710/1728] Built Mathlib.Topology.Algebra.Module.Star
✔ [1711/1728] Built Mathlib.Data.Real.Sqrt
✔ [1712/1731] Built Mathlib.LinearAlgebra.DFinsupp
✔ [1713/1731] Built Mathlib.Data.Finsupp.Fintype
✔ [1714/1731] Built Mathlib.RingTheory.Ideal.Maximal
✔ [1715/1734] Built Mathlib.Analysis.SpecificLimits.Normed
✔ [1716/1734] Built Mathlib.Analysis.Normed.Operator.ContinuousLinearMap
✔ [1717/1736] Built Mathlib.LinearAlgebra.Basis.Basic
✔ [1718/1736] Built Mathlib.RingTheory.Ideal.Nonunits
✔ [1719/1736] Built Mathlib.RingTheory.Ideal.Basic
✔ [1720/1736] Built PotionProblem.FactorialSeries
✔ [1721/1737] Built Mathlib.Algebra.Star.NonUnitalSubalgebra
✔ [1722/1737] Built Mathlib.LinearAlgebra.LinearPMap
✔ [1723/1737] Built Mathlib.Data.Complex.Basic
✔ [1724/1737] Built Mathlib.LinearAlgebra.FreeModule.Basic
✔ [1725/1738] Built Mathlib.Algebra.CharP.Invertible
✔ [1726/1739] Built PotionProblem.ProbabilityFoundations
✔ [1727/1739] Built Mathlib.Data.Complex.BigOperators
✔ [1728/1739] Built Mathlib.Algebra.Algebra.Subalgebra.Tower
✔ [1729/1739] Built Mathlib.LinearAlgebra.Basis.VectorSpace
✔ [1730/1740] Built Mathlib.Data.Finite.Sum
✔ [1731/1744] Built Mathlib.RingTheory.Ideal.Operations
✔ [1732/1744] Built Mathlib.Algebra.BigOperators.RingEquiv
✔ [1733/1746] Built Mathlib.Data.Matrix.Defs
✔ [1734/1749] Built Mathlib.Algebra.Star.Subalgebra
✔ [1735/1753] Built Mathlib.Algebra.Star.BigOperators
✔ [1736/1754] Built Mathlib.Data.Matrix.Diagonal
✔ [1737/1754] Built Mathlib.Analysis.Normed.Operator.LinearIsometry
✔ [1738/1754] Built Mathlib.LinearAlgebra.Basis.Fin
✔ [1739/1761] Built Mathlib.LinearAlgebra.Basis.Prod
✔ [1740/1764] Built Mathlib.RingTheory.Ideal.Maps
✔ [1741/1764] Built Mathlib.GroupTheory.Abelianization.Defs
✔ [1742/1764] Built Mathlib.LinearAlgebra.Basis.SMul
✔ [1743/1767] Built Mathlib.RingTheory.AlgebraTower
✔ [1744/1768] Built Mathlib.Data.Matrix.Mul
✔ [1745/1770] Built Mathlib.Algebra.Algebra.Spectrum.Basic
✔ [1746/1770] Built Mathlib.Data.Complex.Norm
✔ [1747/1772] Built Mathlib.Topology.Algebra.InfiniteSum.Field
✔ [1748/1772] Built Mathlib.GroupTheory.FreeGroup.Basic
✔ [1749/1772] Built Mathlib.Topology.Instances.RealVectorSpace
✔ [1750/1772] Built Mathlib.Topology.Algebra.InfiniteSum.Module
✔ [1751/1775] Built Mathlib.Data.Complex.Order
✔ [1752/1777] Built Mathlib.Data.Matrix.Basic
✔ [1753/1777] Built Mathlib.Algebra.Star.Unitary
✔ [1754/1777] Built Mathlib.Analysis.Asymptotics.Theta
✔ [1755/1778] Built Mathlib.Topology.Algebra.MetricSpace.Lipschitz
✔ [1756/1778] Built Mathlib.Algebra.Order.CauSeq.BigOperators
✔ [1757/1778] Built Mathlib.GroupTheory.FreeAbelianGroup
✔ [1758/1778] Built Mathlib.Algebra.Ring.Action.ConjAct
✔ [1759/1779] Built Mathlib.Data.Matrix.Basis
✔ [1760/1779] Built Mathlib.Analysis.CStarAlgebra.Basic
✔ [1761/1781] Built Mathlib.Algebra.FreeAbelianGroup.Finsupp
✔ [1762/1782] Built Mathlib.GroupTheory.GroupAction.Pointwise
✔ [1763/1782] Built Mathlib.Data.Matrix.Composition
✔ [1764/1782] Built Mathlib.Algebra.Order.Ring.Synonym
✔ [1765/1782] Built Mathlib.Data.Matrix.ConjTranspose
✔ [1766/1783] Built Mathlib.LinearAlgebra.Finsupp.VectorSpace
✔ [1767/1783] Built Mathlib.Algebra.Ring.Action.Pointwise.Set
✔ [1768/1783] Built Mathlib.Data.Complex.Exponential
✔ [1769/1783] Built Mathlib.Algebra.Module.LinearMap.Prod
✔ [1770/1783] Built Mathlib.Algebra.Order.Module.Synonym
✔ [1771/1783] Built Mathlib.Data.Matrix.RowCol
✔ [1772/1784] Built Mathlib.LinearAlgebra.StdBasis
✔ [1773/1784] Built Mathlib.Data.Matrix.Block
✔ [1774/1788] Built Mathlib.LinearAlgebra.Matrix.StdBasis
✔ [1775/1788] Built Mathlib.Algebra.AddTorsor.Basic
✔ [1776/1789] Built Mathlib.LinearAlgebra.AffineSpace.Defs
✔ [1777/1794] Built Mathlib.Data.Matrix.Notation
✔ [1778/1796] Built Mathlib.Data.Complex.Trigonometric
✔ [1779/1797] Built Mathlib.Algebra.Order.GroupWithZero.Submonoid
✔ [1780/1797] Built Mathlib.Algebra.Order.Module.Algebra
✔ [1781/1799] Built Mathlib.Analysis.RCLike.Basic
✔ [1782/1800] Built Mathlib.Algebra.Ring.Subring.Units
✔ [1783/1800] Built Mathlib.Topology.Bornology.Absorbs
✔ [1784/1805] Built Mathlib.LinearAlgebra.AffineSpace.AffineSubspace.Defs
✔ [1785/1805] Built Mathlib.Algebra.Notation.Lemmas
✔ [1786/1808] Built Mathlib.LinearAlgebra.Ray
✔ [1787/1809] Built Mathlib.Algebra.Order.Pi
✔ [1788/1809] Built Mathlib.LinearAlgebra.AffineSpace.AffineMap
✔ [1789/1809] Built Mathlib.Topology.MetricSpace.Equicontinuity
✔ [1790/1809] Built Mathlib.LinearAlgebra.Matrix.ToLin
✔ [1791/1809] Built Mathlib.Topology.Algebra.UniformConvergence
✔ [1792/1818] Built Mathlib.Topology.Algebra.FilterBasis
✔ [1793/1821] Built Mathlib.Topology.Algebra.Equicontinuity
✔ [1794/1822] Built Mathlib.Topology.Algebra.Affine
✔ [1795/1827] Built Mathlib.Topology.Order.ProjIcc
✔ [1796/1827] Built Mathlib.Topology.Hom.ContinuousEvalConst
✔ [1797/1832] Built Mathlib.Algebra.Order.Interval.Set.Instances
✔ [1798/1835] Built Mathlib.LinearAlgebra.AffineSpace.AffineEquiv
✔ [1799/1835] Built Mathlib.Topology.Hom.ContinuousEval
✔ [1800/1836] Built Mathlib.Tactic.Peel
✔ [1801/1836] Built Mathlib.Topology.NhdsKer
✔ [1802/1836] Built Mathlib.Data.Complex.Module
✔ [1803/1836] Built Mathlib.Topology.UnitInterval
✔ [1804/1836] Built Mathlib.Topology.Compactness.NhdsKer
✔ [1805/1837] Built Mathlib.LinearAlgebra.AffineSpace.Midpoint
✔ [1806/1840] Built Mathlib.Algebra.Group.Shrink
✔ [1807/1840] Built Mathlib.Topology.CompactOpen
✔ [1808/1840] Built Mathlib.Topology.AlexandrovDiscrete
✔ [1809/1840] Built Mathlib.LinearAlgebra.AffineSpace.AffineSubspace.Basic
✔ [1810/1840] Built Mathlib.Algebra.GroupWithZero.TransferInstance
✔ [1811/1840] Built Mathlib.LinearAlgebra.AffineSpace.Pointwise
✔ [1812/1840] Built Mathlib.Analysis.Convex.Segment
✔ [1813/1843] Built Mathlib.Analysis.Complex.Basic
✔ [1814/1843] Built Mathlib.LinearAlgebra.AffineSpace.Restrict
✔ [1815/1843] Built Mathlib.Algebra.Module.TransferInstance
✔ [1816/1843] Built Mathlib.Topology.Path
✔ [1817/1853] Built Mathlib.Analysis.Complex.Asymptotics
✔ [1818/1853] Built Mathlib.Algebra.DirectSum.Basic
✔ [1819/1853] Built Mathlib.Algebra.Module.Shrink
✔ [1820/1854] Built Mathlib.Analysis.Convex.Star
✔ [1821/1856] Built Mathlib.LinearAlgebra.AffineSpace.Combination
✔ [1822/1856] Built Mathlib.Topology.Connected.PathConnected
✔ [1823/1856] Built Mathlib.Analysis.SpecialFunctions.Exp
✔ [1824/1858] Built Mathlib.Analysis.Normed.Module.Span
✔ [1825/1858] Built Mathlib.Algebra.DirectSum.Module
✔ [1826/1858] Built Mathlib.Analysis.Convex.Basic
✔ [1827/1858] Built Mathlib.Logic.Equiv.Embedding
✔ [1828/1858] Built Mathlib.Topology.Connected.LocPathConnected
✔ [1829/1858] Built Mathlib.Algebra.DirectSum.Finsupp
✔ [1830/1858] Built Mathlib.LinearAlgebra.TensorProduct.Associator
✔ [1831/1858] Built Mathlib.Analysis.Convex.PathConnected
✔ [1832/1858] Built Mathlib.Analysis.Convex.Strict
✔ [1833/1859] Built Mathlib.LinearAlgebra.AffineSpace.Independent
✔ [1834/1859] Built Mathlib.Analysis.Convex.Hull
✔ [1835/1866] Built Mathlib.Data.Fintype.CardEmbedding
✔ [1836/1866] Built Mathlib.Algebra.BigOperators.Group.Finset.Powerset
✔ [1837/1866] Built Mathlib.Analysis.Convex.Function
✔ [1838/1872] Built Mathlib.Data.Fintype.Inv
✔ [1839/1874] Built Mathlib.LinearAlgebra.AffineSpace.Basis
✔ [1840/1875] Built Mathlib.Analysis.LocallyConvex.Basic
✔ [1841/1877] Built Mathlib.Data.Fintype.Sort
✔ [1842/1877] Built Mathlib.Logic.Equiv.Fintype
✔ [1843/1877] Built Mathlib.Data.Nat.Factorial.Cast
✔ [1844/1877] Built Mathlib.Analysis.LocallyConvex.BalancedCoreHull
✔ [1845/1877] Built Mathlib.Analysis.SpecificLimits.RCLike
✔ [1846/1877] Built Mathlib.Analysis.Convex.Combination
✔ [1847/1879] Built Mathlib.Data.Nat.Choose.Cast
✔ [1848/1879] Built Mathlib.LinearAlgebra.Multilinear.Basic
✔ [1849/1881] Built Mathlib.Analysis.Convex.Topology
✔ [1850/1881] Built Mathlib.Analysis.Seminorm
✔ [1851/1882] Built Mathlib.Combinatorics.Enumerative.Composition
✔ [1852/1882] Built Mathlib.LinearAlgebra.TensorProduct.Tower
✔ [1853/1887] Built Mathlib.LinearAlgebra.Multilinear.Curry
✔ [1854/1887] Built Mathlib.Topology.Algebra.Module.LocallyConvex
✔ [1855/1891] Built Mathlib.Analysis.LocallyConvex.Bounded
✔ [1856/1891] Built Mathlib.RingTheory.Ideal.Quotient.Defs
✔ [1857/1891] Built Mathlib.LinearAlgebra.DirectSum.TensorProduct
✔ [1858/1891] Built Mathlib.Topology.Algebra.Module.Multilinear.Basic
✔ [1859/1891] Built Mathlib.Tactic.Positivity.Finset
✔ [1860/1891] Built Mathlib.Topology.Algebra.Module.UniformConvergence
✔ [1861/1891] Built Mathlib.Topology.Algebra.Ring.Ideal
✔ [1862/1894] Built Mathlib.Tactic.Positivity
✔ [1863/1895] Built Mathlib.Topology.Algebra.Module.Multilinear.Bounded
✔ [1864/1900] Built Mathlib.Analysis.Normed.Ring.Units
✔ [1865/1900] Built Mathlib.LinearAlgebra.DirectSum.Finsupp
✔ [1866/1900] Built Mathlib.Analysis.Convex.EGauge
✔ [1867/1906] Built Mathlib.Analysis.LocallyConvex.WithSeminorms
✔ [1868/1909] Built Mathlib.LinearAlgebra.TensorProduct.Basis
✔ [1869/1910] Built Mathlib.Data.ENat.Lattice
✔ [1870/1912] Built Mathlib.Analysis.Calculus.TangentCone
✔ [1871/1918] Built Mathlib.Analysis.Asymptotics.AsymptoticEquivalent
✔ [1873/1922] Built Mathlib.Algebra.Ring.Hom.InjSurj
✔ [1874/1922] Built Mathlib.Algebra.Module.Projective
✔ [1875/1922] Built Mathlib.Topology.MetricSpace.CauSeqFilter
✔ [1876/1922] Built Mathlib.Topology.Algebra.GroupCompletion
✔ [1877/1922] Built Mathlib.Algebra.Ring.TransferInstance
✔ [1878/1922] Built Mathlib.Topology.Algebra.SeparationQuotient.Section
✔ [1879/1922] Built Mathlib.Topology.MetricSpace.Completion
✔ [1880/1922] Built Mathlib.Topology.Algebra.UniformRing
✔ [1881/1922] Built Mathlib.Analysis.Normed.Group.Completion
✔ [1882/1922] Built Mathlib.Analysis.Asymptotics.TVS
✔ [1883/1922] Built Mathlib.Topology.Algebra.UniformField
✔ [1884/1922] Built Mathlib.Topology.Algebra.Module.Multilinear.Topology
✔ [1885/1922] Built Mathlib.Analysis.Calculus.FDeriv.Defs
✔ [1886/1922] Built Mathlib.Topology.Algebra.Module.StrongTopology
✔ [1887/1922] Built Mathlib.Analysis.NormedSpace.OperatorNorm.Basic
✔ [1888/1922] Built Mathlib.Analysis.NormedSpace.OperatorNorm.Asymptotics
✔ [1889/1922] Built Mathlib.Analysis.NormedSpace.OperatorNorm.NNNorm
✔ [1890/1922] Built Mathlib.Analysis.Calculus.FDeriv.Basic
✔ [1891/1922] Built Mathlib.Analysis.Calculus.FDeriv.Congr
✔ [1892/1922] Built Mathlib.Analysis.Calculus.FDeriv.Comp
✔ [1893/1922] Built Mathlib.Analysis.Calculus.FDeriv.Const
✔ [1894/1922] Built Mathlib.Analysis.NormedSpace.OperatorNorm.Bilinear
✔ [1895/1922] Built Mathlib.Analysis.NormedSpace.OperatorNorm.NormedSpace
✔ [1896/1922] Built Mathlib.Analysis.Normed.Module.Completion
✔ [1897/1922] Built Mathlib.Analysis.NormedSpace.OperatorNorm.Mul
✔ [1898/1922] Built Mathlib.Analysis.Calculus.Deriv.Basic
✔ [1899/1922] Built Mathlib.Analysis.NormedSpace.Multilinear.Basic
✔ [1900/1922] Built Mathlib.Analysis.Normed.Operator.BoundedLinearMaps
✔ [1901/1922] Built Mathlib.Analysis.Calculus.FDeriv.Linear
✔ [1902/1922] Built Mathlib.Analysis.Calculus.FDeriv.Equiv
✔ [1903/1922] Built Mathlib.Analysis.NormedSpace.Multilinear.Curry
✔ [1904/1922] Built Mathlib.Analysis.Calculus.FDeriv.Add
✔ [1905/1922] Built Mathlib.Analysis.Calculus.FDeriv.Prod
✔ [1906/1922] Built Mathlib.Analysis.Calculus.FormalMultilinearSeries
✔ [1907/1922] Built Mathlib.Analysis.Calculus.ContDiff.FTaylorSeries
✔ [1908/1922] Built Mathlib.Analysis.Analytic.Basic
✔ [1909/1922] Built Mathlib.Analysis.Analytic.OfScalars
✔ [1910/1922] Built Mathlib.Analysis.Analytic.ChangeOrigin
✔ [1911/1922] Built Mathlib.Analysis.Analytic.Composition
✔ [1912/1922] Built Mathlib.Analysis.Normed.Algebra.Exponential
✔ [1913/1922] Built Mathlib.Analysis.Analytic.CPolynomialDef
✔ [1914/1922] Built Mathlib.Analysis.Analytic.Linear
✔ [1915/1922] Built Mathlib.Analysis.Analytic.Inverse
✔ [1916/1922] Built Mathlib.Analysis.Analytic.Constructions
✔ [1917/1922] Built Mathlib.Analysis.Analytic.Within
✔ [1918/1922] Built Mathlib.Analysis.Analytic.CPolynomial
✔ [1919/1922] Built Mathlib.Analysis.Calculus.FDeriv.Analytic
✔ [1920/1922] Built Mathlib.Analysis.SpecialFunctions.Exponential
✔ [1921/1922] Built PotionProblem.SeriesAnalysis
✔ [1922/1922] Built PotionProblem.Main
Build completed successfully.
